#
# There is insufficient memory for the Java Runtime Environment to continue.
# Native memory allocation (malloc) failed to allocate 3156176 bytes for Chunk::new
# Possible reasons:
#   The system is out of physical RAM or swap space
#   The process is running with CompressedOops enabled, and the Java Heap may be blocking the growth of the native heap
# Possible solutions:
#   Reduce memory load on the system
#   Increase physical memory or swap space
#   Check if swap backing store is full
#   Decrease Java heap size (-Xmx/-Xms)
#   Decrease number of Java threads
#   Decrease Java thread stack sizes (-Xss)
#   Set larger code cache with -XX:ReservedCodeCacheSize=
#   JVM is running with Unscaled Compressed Oops mode in which the Java heap is
#     placed in the first 4GB address space. The Java Heap base address is the
#     maximum limit for the native heap growth. Please use -XX:HeapBaseMinAddress
#     to set the Java Heap base and to place the Java Heap above 4GB virtual address.
# This output file may be truncated or incomplete.
#
#  Out of Memory Error (./src/hotspot/share/memory/arena.cpp:197), pid=9584, tid=11604
#
# JRE version: OpenJDK Runtime Environment (11.0.11+9) (build 11.0.11+9-b60-7590822)
# Java VM: OpenJDK 64-Bit Server VM (11.0.11+9-b60-7590822, mixed mode, tiered, compressed oops, g1 gc, windows-amd64)
# No core dump will be written. Minidumps are not enabled by default on client versions of Windows
#

---------------  S U M M A R Y ------------

Command Line: --add-opens=java.base/java.util=ALL-UNNAMED --add-opens=java.base/java.lang=ALL-UNNAMED --add-opens=java.base/java.lang.invoke=ALL-UNNAMED --add-opens=java.base/java.util=ALL-UNNAMED --add-opens=java.prefs/java.util.prefs=ALL-UNNAMED --add-opens=java.prefs/java.util.prefs=ALL-UNNAMED --add-opens=java.base/java.nio.charset=ALL-UNNAMED --add-opens=java.base/java.net=ALL-UNNAMED --add-opens=java.base/java.util.concurrent.atomic=ALL-UNNAMED -Xmx2048m -Dfile.encoding=UTF-8 -Duser.country=US -Duser.language=en -Duser.variant org.gradle.launcher.daemon.bootstrap.GradleDaemon 7.0.2

Host: Intel(R) Core(TM) i3-6006U CPU @ 2.00GHz, 4 cores, 3G,  Windows 10 , 64 bit Build 21996 (10.0.21996.1)
Time: Wed Feb  2 17:42:59 2022 India Standard Time elapsed time: 108.077415 seconds (0d 0h 1m 48s)

---------------  T H R E A D  ---------------

Current thread (0x000002b363bfc800):  JavaThread "C2 CompilerThread1" daemon [_thread_in_native, id=11604, stack(0x000000d05af00000,0x000000d05b000000)]


Current CompileTask:
C2: 108077 13630 %     4       com.android.tools.r8.ir.regalloc.a::a @ 1405 (3985 bytes)

Stack: [0x000000d05af00000,0x000000d05b000000]
Native frames: (J=compiled Java code, j=interpreted, Vv=VM code, C=native code)
V  [jvm.dll+0x5f214a]
V  [jvm.dll+0x726fb5]
V  [jvm.dll+0x7285cd]
V  [jvm.dll+0x728c83]
V  [jvm.dll+0x243278]
V  [jvm.dll+0xbc53c]
V  [jvm.dll+0xbca3c]
V  [jvm.dll+0x353e7d]
V  [jvm.dll+0x321893]
V  [jvm.dll+0x320d8a]
V  [jvm.dll+0x1fc1e2]
V  [jvm.dll+0x1fb3d4]
V  [jvm.dll+0x183d6c]
V  [jvm.dll+0x209a57]
V  [jvm.dll+0x2082a1]
V  [jvm.dll+0x6ef58f]
V  [jvm.dll+0x6e80b5]
V  [jvm.dll+0x5f1036]
C  [ucrtbase.dll+0x26c0c]
C  [KERNEL32.DLL+0x154e0]
C  [ntdll.dll+0x485b]


---------------  P R O C E S S  ---------------

Threads class SMR info:
_java_thread_list=0x000002b35dca01f0, length=51, elements={
0x000002b33d74b000, 0x000002b3572fe000, 0x000002b357308800, 0x000002b357357800,
0x000002b35735b000, 0x000002b35735c000, 0x000002b357365800, 0x000002b357366800,
0x000002b357372800, 0x000002b357dc2000, 0x000002b35984e800, 0x000002b358f68000,
0x000002b358e94800, 0x000002b35aa16000, 0x000002b358e6e000, 0x000002b358e5d000,
0x000002b358e87000, 0x000002b358e87800, 0x000002b35935a000, 0x000002b359359000,
0x000002b359357800, 0x000002b359358800, 0x000002b35935b000, 0x000002b35935b800,
0x000002b359356800, 0x000002b35935c800, 0x000002b35935d800, 0x000002b35a23a000,
0x000002b35a23c000, 0x000002b35a239800, 0x000002b35a23d800, 0x000002b35a237800,
0x000002b35a240000, 0x000002b35a240800, 0x000002b35a23b000, 0x000002b35a245000,
0x000002b35a241800, 0x000002b35a245800, 0x000002b35a246800, 0x000002b35a242800,
0x000002b35a243000, 0x000002b35da82000, 0x000002b35da86800, 0x000002b35da88800,
0x000002b35da88000, 0x000002b35da87000, 0x000002b35da84000, 0x000002b35da83000,
0x000002b35da84800, 0x000002b35da89800, 0x000002b363bfc800
}

Java Threads: ( => current thread )
  0x000002b33d74b000 JavaThread "main" [_thread_blocked, id=8532, stack(0x000000d05b200000,0x000000d05b300000)]
  0x000002b3572fe000 JavaThread "Reference Handler" daemon [_thread_blocked, id=9480, stack(0x000000d05b900000,0x000000d05ba00000)]
  0x000002b357308800 JavaThread "Finalizer" daemon [_thread_blocked, id=6768, stack(0x000000d05ba00000,0x000000d05bb00000)]
  0x000002b357357800 JavaThread "Signal Dispatcher" daemon [_thread_blocked, id=9288, stack(0x000000d05bb00000,0x000000d05bc00000)]
  0x000002b35735b000 JavaThread "Attach Listener" daemon [_thread_blocked, id=2852, stack(0x000000d05bc00000,0x000000d05bd00000)]
  0x000002b35735c000 JavaThread "Service Thread" daemon [_thread_blocked, id=9608, stack(0x000000d05bd00000,0x000000d05be00000)]
  0x000002b357365800 JavaThread "C2 CompilerThread0" daemon [_thread_in_native, id=1864, stack(0x000000d05be00000,0x000000d05bf00000)]
  0x000002b357366800 JavaThread "C1 CompilerThread0" daemon [_thread_blocked, id=3596, stack(0x000000d05bf00000,0x000000d05c000000)]
  0x000002b357372800 JavaThread "Sweeper thread" daemon [_thread_blocked, id=9900, stack(0x000000d05c000000,0x000000d05c100000)]
  0x000002b357dc2000 JavaThread "Common-Cleaner" daemon [_thread_blocked, id=10408, stack(0x000000d05c100000,0x000000d05c200000)]
  0x000002b35984e800 JavaThread "Daemon health stats" [_thread_blocked, id=11716, stack(0x000000d05c400000,0x000000d05c500000)]
  0x000002b358f68000 JavaThread "Incoming local TCP Connector on port 57485" [_thread_in_native, id=9072, stack(0x000000d05c700000,0x000000d05c800000)]
  0x000002b358e94800 JavaThread "Daemon periodic checks" [_thread_blocked, id=10728, stack(0x000000d05c800000,0x000000d05c900000)]
  0x000002b35aa16000 JavaThread "Daemon" [_thread_blocked, id=8292, stack(0x000000d05c900000,0x000000d05ca00000)]
  0x000002b358e6e000 JavaThread "Handler for socket connection from /127.0.0.1:57485 to /127.0.0.1:57486" [_thread_in_native, id=8696, stack(0x000000d05ca00000,0x000000d05cb00000)]
  0x000002b358e5d000 JavaThread "Cancel handler" [_thread_blocked, id=1440, stack(0x000000d05cb00000,0x000000d05cc00000)]
  0x000002b358e87000 JavaThread "Daemon worker" [_thread_blocked, id=7852, stack(0x000000d05cc00000,0x000000d05cd00000)]
  0x000002b358e87800 JavaThread "Asynchronous log dispatcher for DefaultDaemonConnection: socket connection from /127.0.0.1:57485 to /127.0.0.1:57486" [_thread_blocked, id=10044, stack(0x000000d05cd00000,0x000000d05ce00000)]
  0x000002b35935a000 JavaThread "Daemon client event forwarder" [_thread_blocked, id=9624, stack(0x000000d05cf00000,0x000000d05d000000)]
  0x000002b359359000 JavaThread "Cache worker for file hash cache (C:\Users\pares\.gradle\caches\7.0.2\fileHashes)" [_thread_blocked, id=12072, stack(0x000000d05d000000,0x000000d05d100000)]
  0x000002b359357800 JavaThread "File lock request listener" [_thread_in_native, id=1036, stack(0x000000d05d100000,0x000000d05d200000)]
  0x000002b359358800 JavaThread "Cache worker for journal cache (C:\Users\pares\.gradle\caches\journal-1)" [_thread_blocked, id=272, stack(0x000000d05d200000,0x000000d05d300000)]
  0x000002b35935b000 JavaThread "Cache worker for file hash cache (E:\PARESH\STUDY\COLLEGE\MIT WPU KOTHRUD PUNE\II TRIMESTER\Project Android\SmartAttendance\.gradle\7.0.2\fileHashes)" [_thread_blocked, id=8580, stack(0x000000d05d300000,0x000000d05d400000)]
  0x000002b35935b800 JavaThread "File watcher server" daemon [_thread_in_native, id=7868, stack(0x000000d05d400000,0x000000d05d500000)]
  0x000002b359356800 JavaThread "File watcher consumer" daemon [_thread_blocked, id=7144, stack(0x000000d05d500000,0x000000d05d600000)]
  0x000002b35935c800 JavaThread "Cache worker for checksums cache (E:\PARESH\STUDY\COLLEGE\MIT WPU KOTHRUD PUNE\II TRIMESTER\Project Android\SmartAttendance\.gradle\checksums)" [_thread_blocked, id=1892, stack(0x000000d05d600000,0x000000d05d700000)]
  0x000002b35935d800 JavaThread "Cache worker for cache directory md-supplier (C:\Users\pares\.gradle\caches\7.0.2\md-supplier)" [_thread_blocked, id=1132, stack(0x000000d05d700000,0x000000d05d800000)]
  0x000002b35a23a000 JavaThread "Cache worker for cache directory md-rule (C:\Users\pares\.gradle\caches\7.0.2\md-rule)" [_thread_blocked, id=11200, stack(0x000000d05d800000,0x000000d05d900000)]
  0x000002b35a23c000 JavaThread "Cache worker for execution history cache (C:\Users\pares\.gradle\caches\7.0.2\executionHistory)" [_thread_blocked, id=4520, stack(0x000000d05d900000,0x000000d05da00000)]
  0x000002b35a239800 JavaThread "jar transforms" [_thread_blocked, id=4156, stack(0x000000d05db00000,0x000000d05dc00000)]
  0x000002b35a23d800 JavaThread "jar transforms Thread 2" [_thread_blocked, id=12000, stack(0x000000d05dc00000,0x000000d05dd00000)]
  0x000002b35a237800 JavaThread "Cache worker for file content cache (C:\Users\pares\.gradle\caches\7.0.2\fileContent)" [_thread_blocked, id=2084, stack(0x000000d05dd00000,0x000000d05de00000)]
  0x000002b35a240000 JavaThread "Cache worker for dependencies-accessors (E:\PARESH\STUDY\COLLEGE\MIT WPU KOTHRUD PUNE\II TRIMESTER\Project Android\SmartAttendance\.gradle\7.0.2\dependencies-accessors)" [_thread_blocked, id=9892, stack(0x000000d05de00000,0x000000d05df00000)]
  0x000002b35a240800 JavaThread "jar transforms Thread 3" [_thread_blocked, id=7848, stack(0x000000d05da00000,0x000000d05db00000)]
  0x000002b35a23b000 JavaThread "Cache worker for Build Output Cleanup Cache (E:\PARESH\STUDY\COLLEGE\MIT WPU KOTHRUD PUNE\II TRIMESTER\Project Android\SmartAttendance\.gradle\buildOutputCleanup)" [_thread_blocked, id=9908, stack(0x000000d05df00000,0x000000d05e000000)]
  0x000002b35a245000 JavaThread "Build operations" [_thread_blocked, id=11248, stack(0x000000d05e000000,0x000000d05e100000)]
  0x000002b35a241800 JavaThread "Build operations Thread 2" [_thread_blocked, id=284, stack(0x000000d05e100000,0x000000d05e200000)]
  0x000002b35a245800 JavaThread "Build operations Thread 3" [_thread_blocked, id=1936, stack(0x000000d05e200000,0x000000d05e300000)]
  0x000002b35a246800 JavaThread "Build operations Thread 4" [_thread_blocked, id=2740, stack(0x000000d05e300000,0x000000d05e400000)]
  0x000002b35a242800 JavaThread "jar transforms Thread 4" [_thread_blocked, id=1988, stack(0x000000d05e400000,0x000000d05e500000)]
  0x000002b35a243000 JavaThread "Memory manager" [_thread_blocked, id=8224, stack(0x000000d05e700000,0x000000d05e800000)]
  0x000002b35da82000 JavaThread "build event listener" [_thread_blocked, id=6576, stack(0x000000d05b000000,0x000000d05b100000)]
  0x000002b35da86800 JavaThread "Execution worker for ':'" [_thread_blocked, id=10464, stack(0x000000d05b100000,0x000000d05b200000)]
  0x000002b35da88800 JavaThread "Execution worker for ':' Thread 2" [_thread_blocked, id=10612, stack(0x000000d05e800000,0x000000d05e900000)]
  0x000002b35da88000 JavaThread "Execution worker for ':' Thread 3" [_thread_blocked, id=6668, stack(0x000000d05e900000,0x000000d05ea00000)]
  0x000002b35da87000 JavaThread "Cache worker for execution history cache (E:\PARESH\STUDY\COLLEGE\MIT WPU KOTHRUD PUNE\II TRIMESTER\Project Android\SmartAttendance\.gradle\7.0.2\executionHistory)" [_thread_blocked, id=11720, stack(0x000000d05ea00000,0x000000d05eb00000)]
  0x000002b35da84000 JavaThread "WorkerExecutor Queue" [_thread_blocked, id=9424, stack(0x000000d05ce00000,0x000000d05cf00000)]
  0x000002b35da83000 JavaThread "pool-3-thread-1" [_thread_blocked, id=6568, stack(0x000000d05eb00000,0x000000d05ec00000)]
  0x000002b35da84800 JavaThread "stderr" [_thread_in_native, id=4756, stack(0x000000d05ec00000,0x000000d05ed00000)]
  0x000002b35da89800 JavaThread "stdout" [_thread_in_native, id=1672, stack(0x000000d05ed00000,0x000000d05ee00000)]
=>0x000002b363bfc800 JavaThread "C2 CompilerThread1" daemon [_thread_in_native, id=11604, stack(0x000000d05af00000,0x000000d05b000000)]

Other Threads:
  0x000002b3572f6000 VMThread "VM Thread" [stack: 0x000000d05b800000,0x000000d05b900000] [id=10396]
  0x000002b357e49000 WatcherThread [stack: 0x000000d05c200000,0x000000d05c300000] [id=9700]
  0x000002b33d764800 GCTaskThread "GC Thread#0" [stack: 0x000000d05b300000,0x000000d05b400000] [id=11424]
  0x000002b357f75800 GCTaskThread "GC Thread#1" [stack: 0x000000d05c300000,0x000000d05c400000] [id=9596]
  0x000002b357e43000 GCTaskThread "GC Thread#2" [stack: 0x000000d05c500000,0x000000d05c600000] [id=8988]
  0x000002b35947e000 GCTaskThread "GC Thread#3" [stack: 0x000000d05c600000,0x000000d05c700000] [id=10332]
  0x000002b33d795000 ConcurrentGCThread "G1 Main Marker" [stack: 0x000000d05b400000,0x000000d05b500000] [id=7356]
  0x000002b33d796800 ConcurrentGCThread "G1 Conc#0" [stack: 0x000000d05b500000,0x000000d05b600000] [id=11484]
  0x000002b33d7f2800 ConcurrentGCThread "G1 Refine#0" [stack: 0x000000d05b600000,0x000000d05b700000] [id=7928]
  0x000002b33d7f3800 ConcurrentGCThread "G1 Young RemSet Sampling" [stack: 0x000000d05b700000,0x000000d05b800000] [id=10744]

Threads with active compile tasks:
C2 CompilerThread0 108992 13690       4       com.android.tools.r8.internal.X4::a (268 bytes)
C2 CompilerThread1 108992 13630 %     4       com.android.tools.r8.ir.regalloc.a::a @ 1405 (3985 bytes)

VM state:at safepoint (normal execution)

VM Mutex/Monitor currently owned by a thread:  ([mutex/lock_event])
[0x000002b33d7475d0] Threads_lock - owner thread: 0x000002b3572f6000
[0x000002b33d747300] Heap_lock - owner thread: 0x000002b35a241800

Heap address: 0x0000000080000000, size: 2048 MB, Compressed Oops mode: 32-bit
Narrow klass base: 0x0000000000000000, Narrow klass shift: 3
Compressed class space size: 1073741824 Address: 0x0000000100000000

Heap:
 garbage-first heap   total 287744K, used 130927K [0x0000000080000000, 0x0000000100000000)
  region size 1024K, 5 young (5120K), 5 survivors (5120K)
 Metaspace       used 96724K, capacity 99256K, committed 99452K, reserved 1134592K
  class space    used 12557K, capacity 13516K, committed 13568K, reserved 1048576K
Heap Regions: E=young(eden), S=young(survivor), O=old, HS=humongous(starts), HC=humongous(continues), CS=collection set, F=free, A=archive, TAMS=top-at-mark-start (previous, next)
|   0|0x0000000080000000, 0x0000000080100000, 0x0000000080100000|100%| O|  |TAMS 0x0000000080100000, 0x0000000080000000| Updating 
|   1|0x0000000080100000, 0x0000000080200000, 0x0000000080200000|100%| O|  |TAMS 0x0000000080200000, 0x0000000080100000| Updating 
|   2|0x0000000080200000, 0x0000000080300000, 0x0000000080300000|100%| O|  |TAMS 0x0000000080300000, 0x0000000080200000| Updating 
|   3|0x0000000080300000, 0x0000000080400000, 0x0000000080400000|100%|HS|  |TAMS 0x0000000080400000, 0x0000000080300000| Complete 
|   4|0x0000000080400000, 0x0000000080500000, 0x0000000080500000|100%|HC|  |TAMS 0x0000000080500000, 0x0000000080400000| Complete 
|   5|0x0000000080500000, 0x0000000080600000, 0x0000000080600000|100%|HC|  |TAMS 0x0000000080600000, 0x0000000080500000| Complete 
|   6|0x0000000080600000, 0x0000000080700000, 0x0000000080700000|100%| O|  |TAMS 0x0000000080700000, 0x0000000080600000| Updating 
|   7|0x0000000080700000, 0x0000000080800000, 0x0000000080800000|100%| O|  |TAMS 0x0000000080800000, 0x0000000080700000| Updating 
|   8|0x0000000080800000, 0x0000000080900000, 0x0000000080900000|100%| O|  |TAMS 0x0000000080900000, 0x0000000080800000| Updating 
|   9|0x0000000080900000, 0x0000000080a00000, 0x0000000080a00000|100%| O|  |TAMS 0x0000000080a00000, 0x0000000080900000| Updating 
|  10|0x0000000080a00000, 0x0000000080b00000, 0x0000000080b00000|100%| O|  |TAMS 0x0000000080b00000, 0x0000000080a00000| Updating 
|  11|0x0000000080b00000, 0x0000000080c00000, 0x0000000080c00000|100%| O|  |TAMS 0x0000000080c00000, 0x0000000080b00000| Updating 
|  12|0x0000000080c00000, 0x0000000080d00000, 0x0000000080d00000|100%| O|  |TAMS 0x0000000080d00000, 0x0000000080c00000| Updating 
|  13|0x0000000080d00000, 0x0000000080e00000, 0x0000000080e00000|100%| O|  |TAMS 0x0000000080e00000, 0x0000000080d00000| Updating 
|  14|0x0000000080e00000, 0x0000000080f00000, 0x0000000080f00000|100%| O|  |TAMS 0x0000000080f00000, 0x0000000080e00000| Updating 
|  15|0x0000000080f00000, 0x0000000081000000, 0x0000000081000000|100%| O|  |TAMS 0x0000000081000000, 0x0000000080f00000| Updating 
|  16|0x0000000081000000, 0x0000000081100000, 0x0000000081100000|100%| O|  |TAMS 0x0000000081100000, 0x0000000081000000| Updating 
|  17|0x0000000081100000, 0x0000000081200000, 0x0000000081200000|100%| O|  |TAMS 0x0000000081200000, 0x0000000081100000| Updating 
|  18|0x0000000081200000, 0x0000000081300000, 0x0000000081300000|100%| O|  |TAMS 0x0000000081300000, 0x0000000081200000| Updating 
|  19|0x0000000081300000, 0x0000000081400000, 0x0000000081400000|100%| O|  |TAMS 0x0000000081400000, 0x0000000081300000| Updating 
|  20|0x0000000081400000, 0x0000000081500000, 0x0000000081500000|100%| O|  |TAMS 0x0000000081500000, 0x0000000081400000| Updating 
|  21|0x0000000081500000, 0x0000000081600000, 0x0000000081600000|100%| O|  |TAMS 0x0000000081600000, 0x0000000081500000| Updating 
|  22|0x0000000081600000, 0x0000000081700000, 0x0000000081700000|100%| O|  |TAMS 0x0000000081700000, 0x0000000081600000| Updating 
|  23|0x0000000081700000, 0x0000000081800000, 0x0000000081800000|100%| O|  |TAMS 0x0000000081800000, 0x0000000081700000| Updating 
|  24|0x0000000081800000, 0x0000000081900000, 0x0000000081900000|100%| O|  |TAMS 0x0000000081900000, 0x0000000081800000| Updating 
|  25|0x0000000081900000, 0x0000000081a00000, 0x0000000081a00000|100%| O|  |TAMS 0x0000000081a00000, 0x0000000081900000| Updating 
|  26|0x0000000081a00000, 0x0000000081b00000, 0x0000000081b00000|100%| O|  |TAMS 0x0000000081b00000, 0x0000000081a00000| Updating 
|  27|0x0000000081b00000, 0x0000000081c00000, 0x0000000081c00000|100%| O|  |TAMS 0x0000000081c00000, 0x0000000081b00000| Updating 
|  28|0x0000000081c00000, 0x0000000081d00000, 0x0000000081d00000|100%|HS|  |TAMS 0x0000000081d00000, 0x0000000081c00000| Complete 
|  29|0x0000000081d00000, 0x0000000081e00000, 0x0000000081e00000|100%| O|  |TAMS 0x0000000081e00000, 0x0000000081d00000| Updating 
|  30|0x0000000081e00000, 0x0000000081f00000, 0x0000000081f00000|100%| O|  |TAMS 0x0000000081f00000, 0x0000000081e00000| Updating 
|  31|0x0000000081f00000, 0x0000000082000000, 0x0000000082000000|100%|HS|  |TAMS 0x0000000082000000, 0x0000000081f00000| Complete 
|  32|0x0000000082000000, 0x0000000082100000, 0x0000000082100000|100%| O|  |TAMS 0x0000000082100000, 0x0000000082000000| Updating 
|  33|0x0000000082100000, 0x0000000082200000, 0x0000000082200000|100%| O|  |TAMS 0x0000000082200000, 0x0000000082100000| Updating 
|  34|0x0000000082200000, 0x0000000082300000, 0x0000000082300000|100%|HS|  |TAMS 0x0000000082300000, 0x0000000082200000| Complete 
|  35|0x0000000082300000, 0x0000000082400000, 0x0000000082400000|100%|HC|  |TAMS 0x0000000082400000, 0x0000000082300000| Complete 
|  36|0x0000000082400000, 0x0000000082500000, 0x0000000082500000|100%| O|  |TAMS 0x0000000082500000, 0x0000000082400000| Updating 
|  37|0x0000000082500000, 0x0000000082600000, 0x0000000082600000|100%| O|  |TAMS 0x0000000082600000, 0x0000000082500000| Updating 
|  38|0x0000000082600000, 0x0000000082700000, 0x0000000082700000|100%| O|  |TAMS 0x0000000082700000, 0x0000000082600000| Updating 
|  39|0x0000000082700000, 0x0000000082800000, 0x0000000082800000|100%| O|  |TAMS 0x0000000082800000, 0x0000000082700000| Updating 
|  40|0x0000000082800000, 0x0000000082900000, 0x0000000082900000|100%| O|  |TAMS 0x0000000082900000, 0x0000000082800000| Updating 
|  41|0x0000000082900000, 0x0000000082a00000, 0x0000000082a00000|100%| O|  |TAMS 0x0000000082a00000, 0x0000000082900000| Updating 
|  42|0x0000000082a00000, 0x0000000082b00000, 0x0000000082b00000|100%| O|  |TAMS 0x0000000082b00000, 0x0000000082a00000| Updating 
|  43|0x0000000082b00000, 0x0000000082c00000, 0x0000000082c00000|100%| O|  |TAMS 0x0000000082c00000, 0x0000000082b00000| Updating 
|  44|0x0000000082c00000, 0x0000000082d00000, 0x0000000082d00000|100%| O|  |TAMS 0x0000000082d00000, 0x0000000082c00000| Updating 
|  45|0x0000000082d00000, 0x0000000082e00000, 0x0000000082e00000|100%| O|  |TAMS 0x0000000082e00000, 0x0000000082d00000| Updating 
|  46|0x0000000082e00000, 0x0000000082f00000, 0x0000000082f00000|100%| O|  |TAMS 0x0000000082f00000, 0x0000000082e00000| Updating 
|  47|0x0000000082f00000, 0x0000000083000000, 0x0000000083000000|100%| O|  |TAMS 0x0000000083000000, 0x0000000082f00000| Updating 
|  48|0x0000000083000000, 0x0000000083100000, 0x0000000083100000|100%| O|  |TAMS 0x0000000083100000, 0x0000000083000000| Updating 
|  49|0x0000000083100000, 0x0000000083200000, 0x0000000083200000|100%| O|  |TAMS 0x0000000083200000, 0x0000000083100000| Updating 
|  50|0x0000000083200000, 0x0000000083300000, 0x0000000083300000|100%| O|  |TAMS 0x0000000083300000, 0x0000000083200000| Updating 
|  51|0x0000000083300000, 0x0000000083400000, 0x0000000083400000|100%| O|  |TAMS 0x0000000083400000, 0x0000000083300000| Updating 
|  52|0x0000000083400000, 0x0000000083500000, 0x0000000083500000|100%| O|  |TAMS 0x0000000083500000, 0x0000000083400000| Updating 
|  53|0x0000000083500000, 0x0000000083600000, 0x0000000083600000|100%| O|  |TAMS 0x0000000083600000, 0x0000000083500000| Updating 
|  54|0x0000000083600000, 0x0000000083700000, 0x0000000083700000|100%| O|  |TAMS 0x0000000083700000, 0x0000000083600000| Updating 
|  55|0x0000000083700000, 0x0000000083800000, 0x0000000083800000|100%| O|  |TAMS 0x0000000083800000, 0x0000000083700000| Updating 
|  56|0x0000000083800000, 0x0000000083900000, 0x0000000083900000|100%| O|  |TAMS 0x0000000083900000, 0x0000000083800000| Updating 
|  57|0x0000000083900000, 0x0000000083a00000, 0x0000000083a00000|100%| O|  |TAMS 0x0000000083a00000, 0x0000000083900000| Updating 
|  58|0x0000000083a00000, 0x0000000083b00000, 0x0000000083b00000|100%| O|  |TAMS 0x0000000083b00000, 0x0000000083a00000| Updating 
|  59|0x0000000083b00000, 0x0000000083c00000, 0x0000000083c00000|100%| O|  |TAMS 0x0000000083c00000, 0x0000000083b00000| Updating 
|  60|0x0000000083c00000, 0x0000000083d00000, 0x0000000083d00000|100%| O|  |TAMS 0x0000000083d00000, 0x0000000083c00000| Updating 
|  61|0x0000000083d00000, 0x0000000083e00000, 0x0000000083e00000|100%| O|  |TAMS 0x0000000083e00000, 0x0000000083d00000| Updating 
|  62|0x0000000083e00000, 0x0000000083f00000, 0x0000000083f00000|100%| O|  |TAMS 0x0000000083f00000, 0x0000000083e00000| Updating 
|  63|0x0000000083f00000, 0x0000000084000000, 0x0000000084000000|100%| O|  |TAMS 0x0000000084000000, 0x0000000083f00000| Updating 
|  64|0x0000000084000000, 0x0000000084100000, 0x0000000084100000|100%| O|  |TAMS 0x0000000084100000, 0x0000000084000000| Updating 
|  65|0x0000000084100000, 0x0000000084200000, 0x0000000084200000|100%| O|  |TAMS 0x0000000084200000, 0x0000000084100000| Updating 
|  66|0x0000000084200000, 0x0000000084300000, 0x0000000084300000|100%| O|  |TAMS 0x0000000084300000, 0x0000000084200000| Updating 
|  67|0x0000000084300000, 0x0000000084400000, 0x0000000084400000|100%| O|  |TAMS 0x0000000084400000, 0x0000000084300000| Updating 
|  68|0x0000000084400000, 0x0000000084500000, 0x0000000084500000|100%| O|  |TAMS 0x0000000084500000, 0x0000000084400000| Updating 
|  69|0x0000000084500000, 0x0000000084600000, 0x0000000084600000|100%| O|  |TAMS 0x0000000084600000, 0x0000000084500000| Updating 
|  70|0x0000000084600000, 0x0000000084700000, 0x0000000084700000|100%| O|  |TAMS 0x0000000084700000, 0x0000000084600000| Updating 
|  71|0x0000000084700000, 0x0000000084800000, 0x0000000084800000|100%| O|  |TAMS 0x0000000084800000, 0x0000000084700000| Updating 
|  72|0x0000000084800000, 0x0000000084900000, 0x0000000084900000|100%| O|  |TAMS 0x0000000084900000, 0x0000000084800000| Updating 
|  73|0x0000000084900000, 0x0000000084a00000, 0x0000000084a00000|100%| O|  |TAMS 0x0000000084a00000, 0x0000000084900000| Updating 
|  74|0x0000000084a00000, 0x0000000084b00000, 0x0000000084b00000|100%| O|  |TAMS 0x0000000084b00000, 0x0000000084a00000| Updating 
|  75|0x0000000084b00000, 0x0000000084c00000, 0x0000000084c00000|100%| O|  |TAMS 0x0000000084c00000, 0x0000000084b00000| Updating 
|  76|0x0000000084c00000, 0x0000000084d00000, 0x0000000084d00000|100%| O|  |TAMS 0x0000000084d00000, 0x0000000084c00000| Updating 
|  77|0x0000000084d00000, 0x0000000084e00000, 0x0000000084e00000|100%| O|  |TAMS 0x0000000084e00000, 0x0000000084d00000| Updating 
|  78|0x0000000084e00000, 0x0000000084f00000, 0x0000000084f00000|100%| O|  |TAMS 0x0000000084f00000, 0x0000000084e00000| Updating 
|  79|0x0000000084f00000, 0x0000000085000000, 0x0000000085000000|100%| O|  |TAMS 0x0000000085000000, 0x0000000084f00000| Updating 
|  80|0x0000000085000000, 0x0000000085100000, 0x0000000085100000|100%| O|  |TAMS 0x0000000085100000, 0x0000000085000000| Updating 
|  81|0x0000000085100000, 0x0000000085200000, 0x0000000085200000|100%| O|  |TAMS 0x0000000085200000, 0x0000000085100000| Updating 
|  82|0x0000000085200000, 0x0000000085300000, 0x0000000085300000|100%| O|  |TAMS 0x0000000085300000, 0x0000000085200000| Updating 
|  83|0x0000000085300000, 0x0000000085400000, 0x0000000085400000|100%| O|  |TAMS 0x0000000085400000, 0x0000000085300000| Updating 
|  84|0x0000000085400000, 0x0000000085500000, 0x0000000085500000|100%| O|  |TAMS 0x0000000085500000, 0x0000000085400000| Updating 
|  85|0x0000000085500000, 0x0000000085600000, 0x0000000085600000|100%| O|  |TAMS 0x0000000085600000, 0x0000000085500000| Updating 
|  86|0x0000000085600000, 0x0000000085700000, 0x0000000085700000|100%| O|  |TAMS 0x0000000085700000, 0x0000000085600000| Updating 
|  87|0x0000000085700000, 0x0000000085800000, 0x0000000085800000|100%| O|  |TAMS 0x0000000085800000, 0x0000000085700000| Updating 
|  88|0x0000000085800000, 0x0000000085900000, 0x0000000085900000|100%| O|  |TAMS 0x0000000085900000, 0x0000000085800000| Updating 
|  89|0x0000000085900000, 0x0000000085a00000, 0x0000000085a00000|100%| O|  |TAMS 0x0000000085a00000, 0x0000000085900000| Updating 
|  90|0x0000000085a00000, 0x0000000085b00000, 0x0000000085b00000|100%| O|  |TAMS 0x0000000085b00000, 0x0000000085a00000| Updating 
|  91|0x0000000085b00000, 0x0000000085c00000, 0x0000000085c00000|100%| O|  |TAMS 0x0000000085c00000, 0x0000000085b00000| Updating 
|  92|0x0000000085c00000, 0x0000000085d00000, 0x0000000085d00000|100%| O|  |TAMS 0x0000000085d00000, 0x0000000085c00000| Updating 
|  93|0x0000000085d00000, 0x0000000085e00000, 0x0000000085e00000|100%| O|  |TAMS 0x0000000085e00000, 0x0000000085d00000| Updating 
|  94|0x0000000085e00000, 0x0000000085f00000, 0x0000000085f00000|100%| O|  |TAMS 0x0000000085f00000, 0x0000000085e00000| Updating 
|  95|0x0000000085f00000, 0x0000000086000000, 0x0000000086000000|100%| O|  |TAMS 0x0000000086000000, 0x0000000085f00000| Updating 
|  96|0x0000000086000000, 0x0000000086100000, 0x0000000086100000|100%| O|  |TAMS 0x0000000086100000, 0x0000000086000000| Updating 
|  97|0x0000000086100000, 0x0000000086200000, 0x0000000086200000|100%| O|  |TAMS 0x0000000086200000, 0x0000000086100000| Updating 
|  98|0x0000000086200000, 0x0000000086300000, 0x0000000086300000|100%| O|  |TAMS 0x0000000086300000, 0x0000000086200000| Updating 
|  99|0x0000000086300000, 0x0000000086400000, 0x0000000086400000|100%| O|  |TAMS 0x0000000086400000, 0x0000000086300000| Updating 
| 100|0x0000000086400000, 0x0000000086500000, 0x0000000086500000|100%| O|  |TAMS 0x0000000086500000, 0x0000000086400000| Updating 
| 101|0x0000000086500000, 0x0000000086600000, 0x0000000086600000|100%| O|  |TAMS 0x0000000086600000, 0x0000000086500000| Updating 
| 102|0x0000000086600000, 0x0000000086700000, 0x0000000086700000|100%| O|  |TAMS 0x0000000086700000, 0x0000000086600000| Updating 
| 103|0x0000000086700000, 0x0000000086800000, 0x0000000086800000|100%| O|  |TAMS 0x0000000086800000, 0x0000000086700000| Updating 
| 104|0x0000000086800000, 0x0000000086900000, 0x0000000086900000|100%| O|  |TAMS 0x0000000086900000, 0x0000000086800000| Updating 
| 105|0x0000000086900000, 0x0000000086a00000, 0x0000000086a00000|100%| O|  |TAMS 0x0000000086a00000, 0x0000000086900000| Updating 
| 106|0x0000000086a00000, 0x0000000086b00000, 0x0000000086b00000|100%| O|  |TAMS 0x0000000086b00000, 0x0000000086a00000| Updating 
| 107|0x0000000086b00000, 0x0000000086c00000, 0x0000000086c00000|100%| O|  |TAMS 0x0000000086c00000, 0x0000000086b00000| Updating 
| 108|0x0000000086c00000, 0x0000000086d00000, 0x0000000086d00000|100%| O|  |TAMS 0x0000000086d00000, 0x0000000086c00000| Updating 
| 109|0x0000000086d00000, 0x0000000086e00000, 0x0000000086e00000|100%| O|  |TAMS 0x0000000086e00000, 0x0000000086d00000| Updating 
| 110|0x0000000086e00000, 0x0000000086f00000, 0x0000000086f00000|100%| O|  |TAMS 0x0000000086f00000, 0x0000000086e00000| Updating 
| 111|0x0000000086f00000, 0x0000000087000000, 0x0000000087000000|100%| O|  |TAMS 0x0000000087000000, 0x0000000086f00000| Updating 
| 112|0x0000000087000000, 0x0000000087100000, 0x0000000087100000|100%| O|  |TAMS 0x0000000087100000, 0x0000000087000000| Updating 
| 113|0x0000000087100000, 0x0000000087200000, 0x0000000087200000|100%| O|  |TAMS 0x0000000087200000, 0x0000000087100000| Updating 
| 114|0x0000000087200000, 0x0000000087300000, 0x0000000087300000|100%| O|  |TAMS 0x0000000087300000, 0x0000000087200000| Updating 
| 115|0x0000000087300000, 0x0000000087400000, 0x0000000087400000|100%| O|  |TAMS 0x0000000087400000, 0x0000000087300000| Updating 
| 116|0x0000000087400000, 0x0000000087500000, 0x0000000087500000|100%| O|  |TAMS 0x0000000087500000, 0x0000000087400000| Updating 
| 117|0x0000000087500000, 0x0000000087600000, 0x0000000087600000|100%| O|  |TAMS 0x0000000087600000, 0x0000000087500000| Updating 
| 118|0x0000000087600000, 0x0000000087700000, 0x0000000087700000|100%| O|  |TAMS 0x0000000087700000, 0x0000000087600000| Updating 
| 119|0x0000000087700000, 0x0000000087800000, 0x0000000087800000|100%| O|  |TAMS 0x0000000087800000, 0x0000000087700000| Updating 
| 120|0x0000000087800000, 0x0000000087900000, 0x0000000087900000|100%| O|  |TAMS 0x0000000087900000, 0x0000000087800000| Updating 
| 121|0x0000000087900000, 0x0000000087a00000, 0x0000000087a00000|100%| O|  |TAMS 0x0000000087a00000, 0x0000000087900000| Updating 
| 122|0x0000000087a00000, 0x0000000087b00000, 0x0000000087b00000|100%| O|  |TAMS 0x0000000087b00000, 0x0000000087a00000| Updating 
| 123|0x0000000087b00000, 0x0000000087ba9000, 0x0000000087c00000| 66%| O|  |TAMS 0x0000000087ba9000, 0x0000000087b00000| Updating 
| 124|0x0000000087c00000, 0x0000000087c00000, 0x0000000087d00000|  0%| F|  |TAMS 0x0000000087c00000, 0x0000000087c00000| Untracked 
| 125|0x0000000087d00000, 0x0000000087d00000, 0x0000000087e00000|  0%| F|  |TAMS 0x0000000087d00000, 0x0000000087d00000| Untracked 
| 126|0x0000000087e00000, 0x0000000087e00000, 0x0000000087f00000|  0%| F|  |TAMS 0x0000000087e00000, 0x0000000087e00000| Untracked 
| 127|0x0000000087f00000, 0x0000000087f00000, 0x0000000088000000|  0%| F|  |TAMS 0x0000000087f00000, 0x0000000087f00000| Untracked 
| 128|0x0000000088000000, 0x0000000088000000, 0x0000000088100000|  0%| F|  |TAMS 0x0000000088000000, 0x0000000088000000| Untracked 
| 129|0x0000000088100000, 0x0000000088100000, 0x0000000088200000|  0%| F|  |TAMS 0x0000000088100000, 0x0000000088100000| Untracked 
| 130|0x0000000088200000, 0x0000000088200000, 0x0000000088300000|  0%| F|  |TAMS 0x0000000088200000, 0x0000000088200000| Untracked 
| 131|0x0000000088300000, 0x0000000088300000, 0x0000000088400000|  0%| F|  |TAMS 0x0000000088300000, 0x0000000088300000| Untracked 
| 132|0x0000000088400000, 0x0000000088400000, 0x0000000088500000|  0%| F|  |TAMS 0x0000000088400000, 0x0000000088400000| Untracked 
| 133|0x0000000088500000, 0x0000000088500000, 0x0000000088600000|  0%| F|  |TAMS 0x0000000088500000, 0x0000000088500000| Untracked 
| 134|0x0000000088600000, 0x0000000088600000, 0x0000000088700000|  0%| F|  |TAMS 0x0000000088600000, 0x0000000088600000| Untracked 
| 135|0x0000000088700000, 0x0000000088700000, 0x0000000088800000|  0%| F|  |TAMS 0x0000000088700000, 0x0000000088700000| Untracked 
| 136|0x0000000088800000, 0x0000000088800000, 0x0000000088900000|  0%| F|  |TAMS 0x0000000088800000, 0x0000000088800000| Untracked 
| 137|0x0000000088900000, 0x0000000088900000, 0x0000000088a00000|  0%| F|  |TAMS 0x0000000088900000, 0x0000000088900000| Untracked 
| 138|0x0000000088a00000, 0x0000000088a00000, 0x0000000088b00000|  0%| F|  |TAMS 0x0000000088a00000, 0x0000000088a00000| Untracked 
| 139|0x0000000088b00000, 0x0000000088b00000, 0x0000000088c00000|  0%| F|  |TAMS 0x0000000088b00000, 0x0000000088b00000| Untracked 
| 140|0x0000000088c00000, 0x0000000088c00000, 0x0000000088d00000|  0%| F|  |TAMS 0x0000000088c00000, 0x0000000088c00000| Untracked 
| 141|0x0000000088d00000, 0x0000000088d00000, 0x0000000088e00000|  0%| F|  |TAMS 0x0000000088d00000, 0x0000000088d00000| Untracked 
| 142|0x0000000088e00000, 0x0000000088e00000, 0x0000000088f00000|  0%| F|  |TAMS 0x0000000088e00000, 0x0000000088e00000| Untracked 
| 143|0x0000000088f00000, 0x0000000088f00000, 0x0000000089000000|  0%| F|  |TAMS 0x0000000088f00000, 0x0000000088f00000| Untracked 
| 144|0x0000000089000000, 0x0000000089000000, 0x0000000089100000|  0%| F|  |TAMS 0x0000000089000000, 0x0000000089000000| Untracked 
| 145|0x0000000089100000, 0x0000000089100000, 0x0000000089200000|  0%| F|  |TAMS 0x0000000089100000, 0x0000000089100000| Untracked 
| 146|0x0000000089200000, 0x0000000089200000, 0x0000000089300000|  0%| F|  |TAMS 0x0000000089200000, 0x0000000089200000| Untracked 
| 147|0x0000000089300000, 0x0000000089300000, 0x0000000089400000|  0%| F|  |TAMS 0x0000000089300000, 0x0000000089300000| Untracked 
| 148|0x0000000089400000, 0x0000000089400000, 0x0000000089500000|  0%| F|  |TAMS 0x0000000089400000, 0x0000000089400000| Untracked 
| 149|0x0000000089500000, 0x0000000089500000, 0x0000000089600000|  0%| F|  |TAMS 0x0000000089500000, 0x0000000089500000| Untracked 
| 150|0x0000000089600000, 0x0000000089600000, 0x0000000089700000|  0%| F|  |TAMS 0x0000000089600000, 0x0000000089600000| Untracked 
| 151|0x0000000089700000, 0x0000000089700000, 0x0000000089800000|  0%| F|  |TAMS 0x0000000089700000, 0x0000000089700000| Untracked 
| 152|0x0000000089800000, 0x0000000089800000, 0x0000000089900000|  0%| F|  |TAMS 0x0000000089800000, 0x0000000089800000| Untracked 
| 153|0x0000000089900000, 0x0000000089900000, 0x0000000089a00000|  0%| F|  |TAMS 0x0000000089900000, 0x0000000089900000| Untracked 
| 154|0x0000000089a00000, 0x0000000089a00000, 0x0000000089b00000|  0%| F|  |TAMS 0x0000000089a00000, 0x0000000089a00000| Untracked 
| 155|0x0000000089b00000, 0x0000000089b32e80, 0x0000000089c00000| 19%| S|CS|TAMS 0x0000000089b00000, 0x0000000089b00000| Complete 
| 156|0x0000000089c00000, 0x0000000089c00000, 0x0000000089d00000|  0%| F|  |TAMS 0x0000000089c00000, 0x0000000089c00000| Untracked 
| 157|0x0000000089d00000, 0x0000000089d00000, 0x0000000089e00000|  0%| F|  |TAMS 0x0000000089d00000, 0x0000000089d00000| Untracked 
| 158|0x0000000089e00000, 0x0000000089e00000, 0x0000000089f00000|  0%| F|  |TAMS 0x0000000089e00000, 0x0000000089e00000| Untracked 
| 159|0x0000000089f00000, 0x0000000089f00000, 0x000000008a000000|  0%| F|  |TAMS 0x0000000089f00000, 0x0000000089f00000| Untracked 
| 160|0x000000008a000000, 0x000000008a000000, 0x000000008a100000|  0%| F|  |TAMS 0x000000008a000000, 0x000000008a000000| Untracked 
| 161|0x000000008a100000, 0x000000008a200000, 0x000000008a200000|100%| S|CS|TAMS 0x000000008a100000, 0x000000008a100000| Complete 
| 162|0x000000008a200000, 0x000000008a300000, 0x000000008a300000|100%| S|CS|TAMS 0x000000008a200000, 0x000000008a200000| Complete 
| 163|0x000000008a300000, 0x000000008a400000, 0x000000008a400000|100%| S|CS|TAMS 0x000000008a300000, 0x000000008a300000| Complete 
| 164|0x000000008a400000, 0x000000008a500000, 0x000000008a500000|100%| S|CS|TAMS 0x000000008a400000, 0x000000008a400000| Complete 
| 165|0x000000008a500000, 0x000000008a500000, 0x000000008a600000|  0%| F|  |TAMS 0x000000008a500000, 0x000000008a500000| Untracked 
| 166|0x000000008a600000, 0x000000008a600000, 0x000000008a700000|  0%| F|  |TAMS 0x000000008a600000, 0x000000008a600000| Untracked 
| 167|0x000000008a700000, 0x000000008a700000, 0x000000008a800000|  0%| F|  |TAMS 0x000000008a700000, 0x000000008a700000| Untracked 
| 168|0x000000008a800000, 0x000000008a800000, 0x000000008a900000|  0%| F|  |TAMS 0x000000008a800000, 0x000000008a800000| Untracked 
| 169|0x000000008a900000, 0x000000008a900000, 0x000000008aa00000|  0%| F|  |TAMS 0x000000008a900000, 0x000000008a900000| Untracked 
| 170|0x000000008aa00000, 0x000000008aa00000, 0x000000008ab00000|  0%| F|  |TAMS 0x000000008aa00000, 0x000000008aa00000| Untracked 
| 171|0x000000008ab00000, 0x000000008ab00000, 0x000000008ac00000|  0%| F|  |TAMS 0x000000008ab00000, 0x000000008ab00000| Untracked 
| 172|0x000000008ac00000, 0x000000008ac00000, 0x000000008ad00000|  0%| F|  |TAMS 0x000000008ac00000, 0x000000008ac00000| Untracked 
| 173|0x000000008ad00000, 0x000000008ad00000, 0x000000008ae00000|  0%| F|  |TAMS 0x000000008ad00000, 0x000000008ad00000| Untracked 
| 174|0x000000008ae00000, 0x000000008ae00000, 0x000000008af00000|  0%| F|  |TAMS 0x000000008ae00000, 0x000000008ae00000| Untracked 
| 175|0x000000008af00000, 0x000000008af00000, 0x000000008b000000|  0%| F|  |TAMS 0x000000008af00000, 0x000000008af00000| Untracked 
| 176|0x000000008b000000, 0x000000008b000000, 0x000000008b100000|  0%| F|  |TAMS 0x000000008b000000, 0x000000008b000000| Untracked 
| 177|0x000000008b100000, 0x000000008b100000, 0x000000008b200000|  0%| F|  |TAMS 0x000000008b100000, 0x000000008b100000| Untracked 
| 178|0x000000008b200000, 0x000000008b200000, 0x000000008b300000|  0%| F|  |TAMS 0x000000008b200000, 0x000000008b200000| Untracked 
| 179|0x000000008b300000, 0x000000008b300000, 0x000000008b400000|  0%| F|  |TAMS 0x000000008b300000, 0x000000008b300000| Untracked 
| 180|0x000000008b400000, 0x000000008b400000, 0x000000008b500000|  0%| F|  |TAMS 0x000000008b400000, 0x000000008b400000| Untracked 
| 181|0x000000008b500000, 0x000000008b500000, 0x000000008b600000|  0%| F|  |TAMS 0x000000008b500000, 0x000000008b500000| Untracked 
| 182|0x000000008b600000, 0x000000008b600000, 0x000000008b700000|  0%| F|  |TAMS 0x000000008b600000, 0x000000008b600000| Untracked 
| 183|0x000000008b700000, 0x000000008b700000, 0x000000008b800000|  0%| F|  |TAMS 0x000000008b700000, 0x000000008b700000| Untracked 
| 184|0x000000008b800000, 0x000000008b800000, 0x000000008b900000|  0%| F|  |TAMS 0x000000008b800000, 0x000000008b800000| Untracked 
| 185|0x000000008b900000, 0x000000008b900000, 0x000000008ba00000|  0%| F|  |TAMS 0x000000008b900000, 0x000000008b900000| Untracked 
| 186|0x000000008ba00000, 0x000000008ba00000, 0x000000008bb00000|  0%| F|  |TAMS 0x000000008ba00000, 0x000000008ba00000| Untracked 
| 187|0x000000008bb00000, 0x000000008bb00000, 0x000000008bc00000|  0%| F|  |TAMS 0x000000008bb00000, 0x000000008bb00000| Untracked 
| 188|0x000000008bc00000, 0x000000008bc00000, 0x000000008bd00000|  0%| F|  |TAMS 0x000000008bc00000, 0x000000008bc00000| Untracked 
| 189|0x000000008bd00000, 0x000000008bd00000, 0x000000008be00000|  0%| F|  |TAMS 0x000000008bd00000, 0x000000008bd00000| Untracked 
| 190|0x000000008be00000, 0x000000008be00000, 0x000000008bf00000|  0%| F|  |TAMS 0x000000008be00000, 0x000000008be00000| Untracked 
| 191|0x000000008bf00000, 0x000000008bf00000, 0x000000008c000000|  0%| F|  |TAMS 0x000000008bf00000, 0x000000008bf00000| Untracked 
| 192|0x000000008c000000, 0x000000008c000000, 0x000000008c100000|  0%| F|  |TAMS 0x000000008c000000, 0x000000008c000000| Untracked 
| 193|0x000000008c100000, 0x000000008c100000, 0x000000008c200000|  0%| F|  |TAMS 0x000000008c100000, 0x000000008c100000| Untracked 
| 194|0x000000008c200000, 0x000000008c200000, 0x000000008c300000|  0%| F|  |TAMS 0x000000008c200000, 0x000000008c200000| Untracked 
| 195|0x000000008c300000, 0x000000008c300000, 0x000000008c400000|  0%| F|  |TAMS 0x000000008c300000, 0x000000008c300000| Untracked 
| 196|0x000000008c400000, 0x000000008c400000, 0x000000008c500000|  0%| F|  |TAMS 0x000000008c400000, 0x000000008c400000| Untracked 
| 197|0x000000008c500000, 0x000000008c500000, 0x000000008c600000|  0%| F|  |TAMS 0x000000008c500000, 0x000000008c500000| Untracked 
| 198|0x000000008c600000, 0x000000008c600000, 0x000000008c700000|  0%| F|  |TAMS 0x000000008c600000, 0x000000008c600000| Untracked 
| 199|0x000000008c700000, 0x000000008c700000, 0x000000008c800000|  0%| F|  |TAMS 0x000000008c700000, 0x000000008c700000| Untracked 
| 200|0x000000008c800000, 0x000000008c800000, 0x000000008c900000|  0%| F|  |TAMS 0x000000008c800000, 0x000000008c800000| Untracked 
| 201|0x000000008c900000, 0x000000008c900000, 0x000000008ca00000|  0%| F|  |TAMS 0x000000008c900000, 0x000000008c900000| Untracked 
| 202|0x000000008ca00000, 0x000000008ca00000, 0x000000008cb00000|  0%| F|  |TAMS 0x000000008ca00000, 0x000000008ca00000| Untracked 
| 203|0x000000008cb00000, 0x000000008cb00000, 0x000000008cc00000|  0%| F|  |TAMS 0x000000008cb00000, 0x000000008cb00000| Untracked 
| 204|0x000000008cc00000, 0x000000008cc00000, 0x000000008cd00000|  0%| F|  |TAMS 0x000000008cc00000, 0x000000008cc00000| Untracked 
| 205|0x000000008cd00000, 0x000000008cd00000, 0x000000008ce00000|  0%| F|  |TAMS 0x000000008cd00000, 0x000000008cd00000| Untracked 
| 206|0x000000008ce00000, 0x000000008ce00000, 0x000000008cf00000|  0%| F|  |TAMS 0x000000008ce00000, 0x000000008ce00000| Untracked 
| 207|0x000000008cf00000, 0x000000008cf00000, 0x000000008d000000|  0%| F|  |TAMS 0x000000008cf00000, 0x000000008cf00000| Untracked 
| 208|0x000000008d000000, 0x000000008d000000, 0x000000008d100000|  0%| F|  |TAMS 0x000000008d000000, 0x000000008d000000| Untracked 
| 209|0x000000008d100000, 0x000000008d100000, 0x000000008d200000|  0%| F|  |TAMS 0x000000008d100000, 0x000000008d100000| Untracked 
| 210|0x000000008d200000, 0x000000008d200000, 0x000000008d300000|  0%| F|  |TAMS 0x000000008d200000, 0x000000008d200000| Untracked 
| 211|0x000000008d300000, 0x000000008d300000, 0x000000008d400000|  0%| F|  |TAMS 0x000000008d300000, 0x000000008d300000| Untracked 
| 212|0x000000008d400000, 0x000000008d400000, 0x000000008d500000|  0%| F|  |TAMS 0x000000008d400000, 0x000000008d400000| Untracked 
| 213|0x000000008d500000, 0x000000008d500000, 0x000000008d600000|  0%| F|  |TAMS 0x000000008d500000, 0x000000008d500000| Untracked 
| 214|0x000000008d600000, 0x000000008d600000, 0x000000008d700000|  0%| F|  |TAMS 0x000000008d600000, 0x000000008d600000| Untracked 
| 215|0x000000008d700000, 0x000000008d700000, 0x000000008d800000|  0%| F|  |TAMS 0x000000008d700000, 0x000000008d700000| Untracked 
| 216|0x000000008d800000, 0x000000008d800000, 0x000000008d900000|  0%| F|  |TAMS 0x000000008d800000, 0x000000008d800000| Untracked 
| 217|0x000000008d900000, 0x000000008d900000, 0x000000008da00000|  0%| F|  |TAMS 0x000000008d900000, 0x000000008d900000| Untracked 
| 218|0x000000008da00000, 0x000000008da00000, 0x000000008db00000|  0%| F|  |TAMS 0x000000008da00000, 0x000000008da00000| Untracked 
| 219|0x000000008db00000, 0x000000008db00000, 0x000000008dc00000|  0%| F|  |TAMS 0x000000008db00000, 0x000000008db00000| Untracked 
| 220|0x000000008dc00000, 0x000000008dc00000, 0x000000008dd00000|  0%| F|  |TAMS 0x000000008dc00000, 0x000000008dc00000| Untracked 
| 221|0x000000008dd00000, 0x000000008dd00000, 0x000000008de00000|  0%| F|  |TAMS 0x000000008dd00000, 0x000000008dd00000| Untracked 
| 222|0x000000008de00000, 0x000000008de00000, 0x000000008df00000|  0%| F|  |TAMS 0x000000008de00000, 0x000000008de00000| Untracked 
| 223|0x000000008df00000, 0x000000008df00000, 0x000000008e000000|  0%| F|  |TAMS 0x000000008df00000, 0x000000008df00000| Untracked 
| 224|0x000000008e000000, 0x000000008e000000, 0x000000008e100000|  0%| F|  |TAMS 0x000000008e000000, 0x000000008e000000| Untracked 
| 225|0x000000008e100000, 0x000000008e100000, 0x000000008e200000|  0%| F|  |TAMS 0x000000008e100000, 0x000000008e100000| Untracked 
| 226|0x000000008e200000, 0x000000008e200000, 0x000000008e300000|  0%| F|  |TAMS 0x000000008e200000, 0x000000008e200000| Untracked 
| 227|0x000000008e300000, 0x000000008e300000, 0x000000008e400000|  0%| F|  |TAMS 0x000000008e300000, 0x000000008e300000| Untracked 
| 228|0x000000008e400000, 0x000000008e400000, 0x000000008e500000|  0%| F|  |TAMS 0x000000008e400000, 0x000000008e400000| Untracked 
| 229|0x000000008e500000, 0x000000008e500000, 0x000000008e600000|  0%| F|  |TAMS 0x000000008e500000, 0x000000008e500000| Untracked 
| 230|0x000000008e600000, 0x000000008e600000, 0x000000008e700000|  0%| F|  |TAMS 0x000000008e600000, 0x000000008e600000| Untracked 
| 231|0x000000008e700000, 0x000000008e700000, 0x000000008e800000|  0%| F|  |TAMS 0x000000008e700000, 0x000000008e700000| Untracked 
| 232|0x000000008e800000, 0x000000008e800000, 0x000000008e900000|  0%| F|  |TAMS 0x000000008e800000, 0x000000008e800000| Untracked 
| 233|0x000000008e900000, 0x000000008e900000, 0x000000008ea00000|  0%| F|  |TAMS 0x000000008e900000, 0x000000008e900000| Untracked 

Card table byte_map: [0x000002b350650000,0x000002b350a50000] _byte_map_base: 0x000002b350250000

Marking Bits (Prev, Next): (CMBitMap*) 0x000002b33d78c2e0, (CMBitMap*) 0x000002b33d78c2a8
 Prev Bits: [0x000002b352e50000, 0x000002b354e50000)
 Next Bits: [0x000002b350e50000, 0x000002b352e50000)

Polling page: 0x000002b33b710000

Metaspace:

Usage:
  Non-class:     83.73 MB capacity,    82.19 MB ( 98%) used,     1.25 MB (  1%) free+waste,   293.06 KB ( <1%) overhead. 
      Class:     13.20 MB capacity,    12.26 MB ( 93%) used,   827.46 KB (  6%) free+waste,   131.00 KB ( <1%) overhead. 
       Both:     96.93 MB capacity,    94.46 MB ( 97%) used,     2.06 MB (  2%) free+waste,   424.06 KB ( <1%) overhead. 

Virtual space:
  Non-class space:       84.00 MB reserved,      83.87 MB (>99%) committed 
      Class space:        1.00 GB reserved,      13.25 MB (  1%) committed 
             Both:        1.08 GB reserved,      97.12 MB (  9%) committed 

Chunk freelists:
   Non-Class:  16.00 KB
       Class:  52.00 KB
        Both:  68.00 KB

MaxMetaspaceSize: 17179869184.00 GB
CompressedClassSpaceSize: 1.00 GB

CodeHeap 'non-profiled nmethods': size=120064Kb used=8765Kb max_used=8765Kb free=111298Kb
 bounds [0x000002b348d10000, 0x000002b3495a0000, 0x000002b350250000]
CodeHeap 'profiled nmethods': size=120000Kb used=31725Kb max_used=31725Kb free=88274Kb
 bounds [0x000002b3417e0000, 0x000002b3436e0000, 0x000002b348d10000]
CodeHeap 'non-nmethods': size=5696Kb used=2305Kb max_used=2391Kb free=3390Kb
 bounds [0x000002b341250000, 0x000002b3414c0000, 0x000002b3417e0000]
 total_blobs=14462 nmethods=13551 adapters=821
 compilation: enabled
              stopped_count=0, restarted_count=0
 full_count=0

Compilation events (20 events):
Event: 107.948 Thread 0x000002b357366800 13703       3       com.android.tools.r8.internal.oh::e (69 bytes)
Event: 107.949 Thread 0x000002b357366800 nmethod 13703 0x000002b3436c1210 code [0x000002b3436c1400, 0x000002b3436c18a8]
Event: 107.994 Thread 0x000002b357366800 13705       3       com.android.tools.r8.internal.Me::a (704 bytes)
Event: 108.012 Thread 0x000002b357366800 nmethod 13705 0x000002b3436c1a10 code [0x000002b3436c1ec0, 0x000002b3436c4378]
Event: 108.012 Thread 0x000002b357366800 13706 %     3       com.android.tools.r8.internal.m4::a @ 9 (29 bytes)
Event: 108.013 Thread 0x000002b357366800 nmethod 13706% 0x000002b3436c5190 code [0x000002b3436c53e0, 0x000002b3436c5c88]
Event: 108.013 Thread 0x000002b357366800 13707       2       com.android.tools.r8.internal.Me::a (37 bytes)
Event: 108.014 Thread 0x000002b357366800 nmethod 13707 0x000002b3436c6090 code [0x000002b3436c6280, 0x000002b3436c6568]
Event: 108.014 Thread 0x000002b357366800 13708       2       com.android.tools.r8.internal.C8::a (38 bytes)
Event: 108.014 Thread 0x000002b357366800 nmethod 13708 0x000002b3436c6810 code [0x000002b3436c69c0, 0x000002b3436c6b88]
Event: 108.020 Thread 0x000002b357366800 13709       2       com.android.tools.r8.graph.T::a (119 bytes)
Event: 108.022 Thread 0x000002b357366800 nmethod 13709 0x000002b3436c6c90 code [0x000002b3436c6f20, 0x000002b3436c7848]
Event: 108.025 Thread 0x000002b357366800 13710       1       com.android.tools.r8.internal.ND::V0 (2 bytes)
Event: 108.025 Thread 0x000002b357366800 nmethod 13710 0x000002b34959ef10 code [0x000002b34959f0c0, 0x000002b34959f178]
Event: 108.026 Thread 0x000002b357366800 13711       2       com.android.tools.r8.internal.X4::a (1165 bytes)
Event: 108.033 Thread 0x000002b357366800 nmethod 13711 0x000002b3436c7d90 code [0x000002b3436c85a0, 0x000002b3436cb328]
Event: 108.040 Thread 0x000002b357366800 13713       1       com.android.tools.r8.ir.optimize.info.b::A (2 bytes)
Event: 108.040 Thread 0x000002b357366800 nmethod 13713 0x000002b34959f210 code [0x000002b34959f3c0, 0x000002b34959f478]
Event: 108.042 Thread 0x000002b357366800 13714   !   2       com.android.tools.r8.internal.P6::a (98 bytes)
Event: 108.044 Thread 0x000002b357366800 nmethod 13714 0x000002b3436ccd90 code [0x000002b3436cd060, 0x000002b3436cdc38]

GC Heap History (20 events):
Event: 100.948 GC heap before
{Heap before GC invocations=77 (full 0):
 garbage-first heap   total 165888K, used 135836K [0x0000000080000000, 0x0000000100000000)
  region size 1024K, 30 young (30720K), 5 survivors (5120K)
 Metaspace       used 91130K, capacity 93570K, committed 93820K, reserved 1130496K
  class space    used 11848K, capacity 12745K, committed 12800K, reserved 1048576K
}
Event: 100.975 GC heap after
{Heap after GC invocations=78 (full 0):
 garbage-first heap   total 165888K, used 115712K [0x0000000080000000, 0x0000000100000000)
  region size 1024K, 4 young (4096K), 4 survivors (4096K)
 Metaspace       used 91130K, capacity 93570K, committed 93820K, reserved 1130496K
  class space    used 11848K, capacity 12745K, committed 12800K, reserved 1048576K
}
Event: 101.131 GC heap before
{Heap before GC invocations=78 (full 0):
 garbage-first heap   total 165888K, used 138240K [0x0000000080000000, 0x0000000100000000)
  region size 1024K, 26 young (26624K), 4 survivors (4096K)
 Metaspace       used 91138K, capacity 93574K, committed 93820K, reserved 1130496K
  class space    used 11848K, capacity 12745K, committed 12800K, reserved 1048576K
}
Event: 101.155 GC heap after
{Heap after GC invocations=79 (full 0):
 garbage-first heap   total 199680K, used 120307K [0x0000000080000000, 0x0000000100000000)
  region size 1024K, 4 young (4096K), 4 survivors (4096K)
 Metaspace       used 91138K, capacity 93574K, committed 93820K, reserved 1130496K
  class space    used 11848K, capacity 12745K, committed 12800K, reserved 1048576K
}
Event: 101.775 GC heap before
{Heap before GC invocations=79 (full 0):
 garbage-first heap   total 199680K, used 154099K [0x0000000080000000, 0x0000000100000000)
  region size 1024K, 37 young (37888K), 4 survivors (4096K)
 Metaspace       used 91043K, capacity 93379K, committed 93820K, reserved 1130496K
  class space    used 11813K, capacity 12674K, committed 12800K, reserved 1048576K
}
Event: 101.814 GC heap after
{Heap after GC invocations=80 (full 0):
 garbage-first heap   total 199680K, used 126375K [0x0000000080000000, 0x0000000100000000)
  region size 1024K, 5 young (5120K), 5 survivors (5120K)
 Metaspace       used 91043K, capacity 93379K, committed 93820K, reserved 1130496K
  class space    used 11813K, capacity 12674K, committed 12800K, reserved 1048576K
}
Event: 103.134 GC heap before
{Heap before GC invocations=81 (full 0):
 garbage-first heap   total 199680K, used 158119K [0x0000000080000000, 0x0000000100000000)
  region size 1024K, 36 young (36864K), 5 survivors (5120K)
 Metaspace       used 94598K, capacity 97164K, committed 97276K, reserved 1132544K
  class space    used 12435K, capacity 13408K, committed 13440K, reserved 1048576K
}
Event: 103.167 GC heap after
{Heap after GC invocations=82 (full 0):
 garbage-first heap   total 199680K, used 129394K [0x0000000080000000, 0x0000000100000000)
  region size 1024K, 3 young (3072K), 3 survivors (3072K)
 Metaspace       used 94598K, capacity 97164K, committed 97276K, reserved 1132544K
  class space    used 12435K, capacity 13408K, committed 13440K, reserved 1048576K
}
Event: 103.846 GC heap before
{Heap before GC invocations=82 (full 0):
 garbage-first heap   total 199680K, used 161138K [0x0000000080000000, 0x0000000100000000)
  region size 1024K, 34 young (34816K), 3 survivors (3072K)
 Metaspace       used 95446K, capacity 98014K, committed 98172K, reserved 1134592K
  class space    used 12512K, capacity 13491K, committed 13568K, reserved 1048576K
}
Event: 103.856 GC heap after
{Heap after GC invocations=83 (full 0):
 garbage-first heap   total 199680K, used 129303K [0x0000000080000000, 0x0000000100000000)
  region size 1024K, 3 young (3072K), 3 survivors (3072K)
 Metaspace       used 95446K, capacity 98014K, committed 98172K, reserved 1134592K
  class space    used 12512K, capacity 13491K, committed 13568K, reserved 1048576K
}
Event: 105.116 GC heap before
{Heap before GC invocations=84 (full 0):
 garbage-first heap   total 199680K, used 162071K [0x0000000080000000, 0x0000000100000000)
  region size 1024K, 35 young (35840K), 3 survivors (3072K)
 Metaspace       used 96208K, capacity 98717K, committed 98940K, reserved 1134592K
  class space    used 12522K, capacity 13472K, committed 13568K, reserved 1048576K
}
Event: 105.131 GC heap after
{Heap after GC invocations=85 (full 0):
 garbage-first heap   total 239616K, used 129578K [0x0000000080000000, 0x0000000100000000)
  region size 1024K, 3 young (3072K), 3 survivors (3072K)
 Metaspace       used 96208K, capacity 98717K, committed 98940K, reserved 1134592K
  class space    used 12522K, capacity 13472K, committed 13568K, reserved 1048576K
}
Event: 105.675 GC heap before
{Heap before GC invocations=85 (full 0):
 garbage-first heap   total 239616K, used 178730K [0x0000000080000000, 0x0000000100000000)
  region size 1024K, 51 young (52224K), 3 survivors (3072K)
 Metaspace       used 96346K, capacity 98799K, committed 98940K, reserved 1134592K
  class space    used 12524K, capacity 13476K, committed 13568K, reserved 1048576K
}
Event: 105.687 GC heap after
{Heap after GC invocations=86 (full 0):
 garbage-first heap   total 239616K, used 129613K [0x0000000080000000, 0x0000000100000000)
  region size 1024K, 3 young (3072K), 3 survivors (3072K)
 Metaspace       used 96346K, capacity 98799K, committed 98940K, reserved 1134592K
  class space    used 12524K, capacity 13476K, committed 13568K, reserved 1048576K
}
Event: 106.546 GC heap before
{Heap before GC invocations=86 (full 0):
 garbage-first heap   total 239616K, used 184909K [0x0000000080000000, 0x0000000100000000)
  region size 1024K, 57 young (58368K), 3 survivors (3072K)
 Metaspace       used 96527K, capacity 99092K, committed 99196K, reserved 1134592K
  class space    used 12544K, capacity 13508K, committed 13568K, reserved 1048576K
}
Event: 106.562 GC heap after
{Heap after GC invocations=87 (full 0):
 garbage-first heap   total 239616K, used 129832K [0x0000000080000000, 0x0000000100000000)
  region size 1024K, 4 young (4096K), 4 survivors (4096K)
 Metaspace       used 96527K, capacity 99092K, committed 99196K, reserved 1134592K
  class space    used 12544K, capacity 13508K, committed 13568K, reserved 1048576K
}
Event: 106.942 GC heap before
{Heap before GC invocations=88 (full 0):
 garbage-first heap   total 239616K, used 188200K [0x0000000080000000, 0x0000000100000000)
  region size 1024K, 61 young (62464K), 4 survivors (4096K)
 Metaspace       used 96568K, capacity 99096K, committed 99196K, reserved 1134592K
  class space    used 12545K, capacity 13508K, committed 13568K, reserved 1048576K
}
Event: 106.958 GC heap after
{Heap after GC invocations=89 (full 0):
 garbage-first heap   total 239616K, used 129840K [0x0000000080000000, 0x0000000100000000)
  region size 1024K, 4 young (4096K), 4 survivors (4096K)
 Metaspace       used 96568K, capacity 99096K, committed 99196K, reserved 1134592K
  class space    used 12545K, capacity 13508K, committed 13568K, reserved 1048576K
}
Event: 107.390 GC heap before
{Heap before GC invocations=89 (full 0):
 garbage-first heap   total 239616K, used 200496K [0x0000000080000000, 0x0000000100000000)
  region size 1024K, 73 young (74752K), 4 survivors (4096K)
 Metaspace       used 96621K, capacity 99169K, committed 99452K, reserved 1134592K
  class space    used 12546K, capacity 13510K, committed 13568K, reserved 1048576K
}
Event: 107.405 GC heap after
{Heap after GC invocations=90 (full 0):
 garbage-first heap   total 239616K, used 131482K [0x0000000080000000, 0x0000000100000000)
  region size 1024K, 5 young (5120K), 5 survivors (5120K)
 Metaspace       used 96621K, capacity 99169K, committed 99452K, reserved 1134592K
  class space    used 12546K, capacity 13510K, committed 13568K, reserved 1048576K
}

Deoptimization events (20 events):
Event: 107.769 Thread 0x000002b35a245000 Uncommon trap: trap_request=0xffffffde fr.pc=0x000002b349561d14 relative=0x0000000000004d14
Event: 107.769 Thread 0x000002b35a245000 Uncommon trap: reason=class_check action=maybe_recompile pc=0x000002b349561d14 method=com.android.tools.r8.internal.i2.c(Lcom/android/tools/r8/internal/i2;)Z @ 29 c2
Event: 107.769 Thread 0x000002b35a245000 DEOPT PACKING pc=0x000002b349561d14 sp=0x000000d05e0f8be0
Event: 107.769 Thread 0x000002b35a245000 DEOPT UNPACKING pc=0x000002b34127662f sp=0x000000d05e0f8b50 mode 2
Event: 107.802 Thread 0x000002b35a246800 Uncommon trap: trap_request=0xffffff76 fr.pc=0x000002b349599010 relative=0x0000000000004010
Event: 107.802 Thread 0x000002b35a246800 Uncommon trap: reason=loop_limit_check action=maybe_recompile pc=0x000002b349599010 method=com.android.tools.r8.internal.Ph.h(I)I @ 10 c2
Event: 107.802 Thread 0x000002b35a246800 DEOPT PACKING pc=0x000002b349599010 sp=0x000000d05e3f92d0
Event: 107.802 Thread 0x000002b35a246800 DEOPT UNPACKING pc=0x000002b34127662f sp=0x000000d05e3f90f8 mode 2
Event: 107.878 Thread 0x000002b35a241800 DEOPT PACKING pc=0x000002b34332f7f8 sp=0x000000d05e1f95e0
Event: 107.878 Thread 0x000002b35a241800 DEOPT UNPACKING pc=0x000002b341276dde sp=0x000000d05e1f8c40 mode 0
Event: 107.909 Thread 0x000002b35a245000 DEOPT PACKING pc=0x000002b343081b4f sp=0x000000d05e0f9430
Event: 107.909 Thread 0x000002b35a245000 DEOPT UNPACKING pc=0x000002b341276dde sp=0x000000d05e0f88e0 mode 0
Event: 107.926 Thread 0x000002b35a245000 Uncommon trap: trap_request=0xffffff4d fr.pc=0x000002b349509bf0 relative=0x00000000000001b0
Event: 107.926 Thread 0x000002b35a245000 Uncommon trap: reason=unstable_if action=reinterpret pc=0x000002b349509bf0 method=com.android.tools.r8.internal.X4.c(I)Lcom/android/tools/r8/internal/g9; @ 4 c2
Event: 107.926 Thread 0x000002b35a245000 DEOPT PACKING pc=0x000002b349509bf0 sp=0x000000d05e0f8fa0
Event: 107.926 Thread 0x000002b35a245000 DEOPT UNPACKING pc=0x000002b34127662f sp=0x000000d05e0f8f40 mode 2
Event: 108.016 Thread 0x000002b35a245000 Uncommon trap: trap_request=0xffffff4d fr.pc=0x000002b34954bec0 relative=0x0000000000005180
Event: 108.016 Thread 0x000002b35a245000 Uncommon trap: reason=unstable_if action=reinterpret pc=0x000002b34954bec0 method=com.android.tools.r8.internal.X4.a(Lcom/android/tools/r8/internal/Me;IZ)V @ 3 c2
Event: 108.016 Thread 0x000002b35a245000 DEOPT PACKING pc=0x000002b34954bec0 sp=0x000000d05e0f91e0
Event: 108.016 Thread 0x000002b35a245000 DEOPT UNPACKING pc=0x000002b34127662f sp=0x000000d05e0f9218 mode 2

Classes redefined (0 events):
No events

Internal exceptions (20 events):
Event: 99.473 Thread 0x000002b35a245000 Exception <a 'java/lang/NoSuchMethodError'{0x00000000881551b0}: 'int java.lang.invoke.DirectMethodHandle$Holder.invokeVirtual(java.lang.Object, java.lang.Object, java.lang.Object)'> (0x00000000881551b0) thrown at [./src/hotspot/share/interpreter/linkResolver.cpp, line 773]
Event: 99.472 Thread 0x000002b35a241800 Exception <a 'java/lang/NoSuchMethodError'{0x000000008817e648}: 'int java.lang.invoke.DirectMethodHandle$Holder.invokeVirtual(java.lang.Object, java.lang.Object, java.lang.Object)'> (0x000000008817e648) thrown at [./src/hotspot/share/interpreter/linkResolver.cpp, line 773]
Event: 101.938 Thread 0x000002b35a241800 Exception <a 'java/lang/NoSuchMethodError'{0x000000008c0d8748}: 'java.lang.Object java.lang.invoke.Invokers$Holder.linkToTargetMethod(java.lang.Object, java.lang.Object, java.lang.Object, java.lang.Object, java.lang.Object, java.lang.Object, java.lang.Object)'> (0x000000008c0d8748) thrown at [./src/hotspot/share/interpreter/linkResolver.cpp, line 773]
Event: 102.133 Thread 0x000002b35a245000 Exception <a 'java/lang/NoSuchMethodError'{0x000000008b548b28}: 'java.lang.Object java.lang.invoke.DirectMethodHandle$Holder.invokeVirtual(java.lang.Object, java.lang.Object, int, java.lang.Object)'> (0x000000008b548b28) thrown at [./src/hotspot/share/interpreter/linkResolver.cpp, line 773]
Event: 102.133 Thread 0x000002b35a241800 Exception <a 'java/lang/NoSuchMethodError'{0x000000008b5a3a98}: 'java.lang.Object java.lang.invoke.DirectMethodHandle$Holder.invokeVirtual(java.lang.Object, java.lang.Object, int, java.lang.Object)'> (0x000000008b5a3a98) thrown at [./src/hotspot/share/interpreter/linkResolver.cpp, line 773]
Event: 102.133 Thread 0x000002b35a246800 Exception <a 'java/lang/NoSuchMethodError'{0x000000008b56f458}: 'java.lang.Object java.lang.invoke.DirectMethodHandle$Holder.invokeVirtual(java.lang.Object, java.lang.Object, int, java.lang.Object)'> (0x000000008b56f458) thrown at [./src/hotspot/share/interpreter/linkResolver.cpp, line 773]
Event: 102.159 Thread 0x000002b35a241800 Exception <a 'java/lang/IncompatibleClassChangeError'{0x000000008b5ba730}: Found class java.lang.Object, but interface was expected> (0x000000008b5ba730) thrown at [./src/hotspot/share/interpreter/linkResolver.cpp, line 839]
Event: 102.159 Thread 0x000002b35a245000 Exception <a 'java/lang/IncompatibleClassChangeError'{0x000000008b448e68}: Found class java.lang.Object, but interface was expected> (0x000000008b448e68) thrown at [./src/hotspot/share/interpreter/linkResolver.cpp, line 839]
Event: 102.160 Thread 0x000002b35a246800 Exception <a 'java/lang/IncompatibleClassChangeError'{0x000000008b5815b0}: Found class java.lang.Object, but interface was expected> (0x000000008b5815b0) thrown at [./src/hotspot/share/interpreter/linkResolver.cpp, line 839]
Event: 102.160 Thread 0x000002b35a245000 Exception <a 'java/lang/IncompatibleClassChangeError'{0x000000008b44c578}: Found class java.lang.Object, but interface was expected> (0x000000008b44c578) thrown at [./src/hotspot/share/interpreter/linkResolver.cpp, line 839]
Event: 102.160 Thread 0x000002b35a241800 Exception <a 'java/lang/IncompatibleClassChangeError'{0x000000008b5c5108}: Found class java.lang.Object, but interface was expected> (0x000000008b5c5108) thrown at [./src/hotspot/share/interpreter/linkResolver.cpp, line 839]
Event: 102.381 Thread 0x000002b35a246800 Exception <a 'java/lang/NoSuchMethodError'{0x000000008b330958}: 'void java.lang.invoke.DirectMethodHandle$Holder.invokeVirtual(java.lang.Object, java.lang.Object, int, java.lang.Object)'> (0x000000008b330958) thrown at [./src/hotspot/share/interpreter/linkResolver.cpp, line 773]
Event: 102.381 Thread 0x000002b35a241800 Exception <a 'java/lang/NoSuchMethodError'{0x000000008b3810f0}: 'void java.lang.invoke.DirectMethodHandle$Holder.invokeVirtual(java.lang.Object, java.lang.Object, int, java.lang.Object)'> (0x000000008b3810f0) thrown at [./src/hotspot/share/interpreter/linkResolver.cpp, line 773]
Event: 102.669 Thread 0x000002b35a246800 Exception <a 'java/lang/NoSuchMethodError'{0x000000008af12668}: 'java.lang.Object java.lang.invoke.DirectMethodHandle$Holder.newInvokeSpecial(java.lang.Object, int)'> (0x000000008af12668) thrown at [./src/hotspot/share/interpreter/linkResolver.cpp, line 773]
Event: 102.669 Thread 0x000002b35a241800 Exception <a 'java/lang/NoSuchMethodError'{0x000000008b082aa8}: 'java.lang.Object java.lang.invoke.DirectMethodHandle$Holder.newInvokeSpecial(java.lang.Object, int)'> (0x000000008b082aa8) thrown at [./src/hotspot/share/interpreter/linkResolver.cpp, line 773]
Event: 102.669 Thread 0x000002b35a245000 Exception <a 'java/lang/NoSuchMethodError'{0x000000008b0e7a60}: 'java.lang.Object java.lang.invoke.DirectMethodHandle$Holder.newInvokeSpecial(java.lang.Object, int)'> (0x000000008b0e7a60) thrown at [./src/hotspot/share/interpreter/linkResolver.cpp, line 773]
Event: 102.877 Thread 0x000002b35da84000 Exception <a 'java/lang/NoSuchMethodError'{0x000000008aaf06a0}: 'int java.lang.invoke.DirectMethodHandle$Holder.invokeSpecialIFC(java.lang.Object, java.lang.Object, java.lang.Object)'> (0x000000008aaf06a0) thrown at [./src/hotspot/share/interpreter/linkResolver.cpp, line 773]
Event: 102.969 Thread 0x000002b35a241800 Exception <a 'java/lang/NoSuchMethodError'{0x000000008a803f18}: 'java.lang.Object java.lang.invoke.DirectMethodHandle$Holder.invokeInterface(java.lang.Object, java.lang.Object, int)'> (0x000000008a803f18) thrown at [./src/hotspot/share/interpreter/linkResolver.cpp, line 773]
Event: 105.073 Thread 0x000002b35a246800 Implicit null exception at 0x000002b34951c768 to 0x000002b349520074
Event: 105.113 Thread 0x000002b35a241800 Exception <a 'java/lang/NoSuchMethodError'{0x000000008a3c2790}: 'int java.lang.invoke.DirectMethodHandle$Holder.invokeInterface(java.lang.Object, java.lang.Object, int)'> (0x000000008a3c2790) thrown at [./src/hotspot/share/interpreter/linkResolver.cpp, line 773]

Events (20 events):
Event: 107.258 Thread 0x000002b357372800 flushing nmethod 0x000002b3417e0010
Event: 107.258 Thread 0x000002b357372800 flushing nmethod 0x000002b3417e0a10
Event: 107.390 Executing VM operation: G1CollectForAllocation
Event: 107.405 Executing VM operation: G1CollectForAllocation done
Event: 107.927 loading class com/android/tools/r8/code/d2
Event: 107.927 loading class com/android/tools/r8/code/d2 done
Event: 107.927 loading class com/android/tools/r8/code/e2
Event: 107.927 loading class com/android/tools/r8/code/e2 done
Event: 107.965 Executing VM operation: CGC_Operation
Event: 107.984 Executing VM operation: CGC_Operation done
Event: 108.015 loading class com/android/tools/r8/internal/X4
Event: 108.015 loading class com/android/tools/r8/internal/X4 done
Event: 108.015 loading class com/android/tools/r8/internal/t4
Event: 108.015 loading class com/android/tools/r8/internal/t4 done
Event: 108.015 loading class com/android/tools/r8/internal/t4
Event: 108.015 loading class com/android/tools/r8/internal/t4 done
Event: 108.016 loading class com/android/tools/r8/internal/t4
Event: 108.016 loading class com/android/tools/r8/internal/t4 done
Event: 108.016 loading class com/android/tools/r8/internal/t4
Event: 108.016 loading class com/android/tools/r8/internal/t4 done


Dynamic libraries:
0x00007ff7812e0000 - 0x00007ff7812ea000 	C:\Program Files\Android\Android Studio\jre\bin\java.exe
0x00007ffa3af20000 - 0x00007ffa3b127000 	C:\WINDOWS\SYSTEM32\ntdll.dll
0x00007ffa3a360000 - 0x00007ffa3a41d000 	C:\WINDOWS\System32\KERNEL32.DLL
0x00007ffa387f0000 - 0x00007ffa38b62000 	C:\WINDOWS\System32\KERNELBASE.dll
0x00007ffa38cd0000 - 0x00007ffa38de1000 	C:\WINDOWS\System32\ucrtbase.dll
0x00007ffa301b0000 - 0x00007ffa301c9000 	C:\Program Files\Android\Android Studio\jre\bin\jli.dll
0x00007ffa30140000 - 0x00007ffa30157000 	C:\Program Files\Android\Android Studio\jre\bin\VCRUNTIME140.dll
0x00007ffa39350000 - 0x00007ffa394fc000 	C:\WINDOWS\System32\USER32.dll
0x00007ffa387c0000 - 0x00007ffa387e6000 	C:\WINDOWS\System32\win32u.dll
0x00007ffa21c40000 - 0x00007ffa21ee5000 	C:\WINDOWS\WinSxS\amd64_microsoft.windows.common-controls_6595b64144ccf1df_6.0.21996.1_none_7d6b053978bcd706\COMCTL32.dll
0x00007ffa3a110000 - 0x00007ffa3a139000 	C:\WINDOWS\System32\GDI32.dll
0x00007ffa3a210000 - 0x00007ffa3a2b3000 	C:\WINDOWS\System32\msvcrt.dll
0x00007ffa38630000 - 0x00007ffa38742000 	C:\WINDOWS\System32\gdi32full.dll
0x00007ffa38c30000 - 0x00007ffa38ccd000 	C:\WINDOWS\System32\msvcp_win.dll
0x00007ffa3a320000 - 0x00007ffa3a351000 	C:\WINDOWS\System32\IMM32.DLL
0x00007ffa1efb0000 - 0x00007ffa1f04d000 	C:\Program Files\Android\Android Studio\jre\bin\msvcp140.dll
0x00007ffa02320000 - 0x00007ffa02df5000 	C:\Program Files\Android\Android Studio\jre\bin\server\jvm.dll
0x00007ffa396e0000 - 0x00007ffa3978c000 	C:\WINDOWS\System32\ADVAPI32.dll
0x00007ffa3ac10000 - 0x00007ffa3acad000 	C:\WINDOWS\System32\sechost.dll
0x00007ffa38e80000 - 0x00007ffa38fa1000 	C:\WINDOWS\System32\RPCRT4.dll
0x00007ffa39340000 - 0x00007ffa39348000 	C:\WINDOWS\System32\PSAPI.DLL
0x00007ffa32620000 - 0x00007ffa32629000 	C:\WINDOWS\SYSTEM32\WSOCK32.dll
0x00007ffa3a140000 - 0x00007ffa3a1af000 	C:\WINDOWS\System32\WS2_32.dll
0x00007ffa2ffb0000 - 0x00007ffa2ffe3000 	C:\WINDOWS\SYSTEM32\WINMM.dll
0x00007ffa2b700000 - 0x00007ffa2b70a000 	C:\WINDOWS\SYSTEM32\VERSION.dll
0x00007ffa37570000 - 0x00007ffa37587000 	C:\WINDOWS\SYSTEM32\kernel.appcore.dll
0x00007ffa27a70000 - 0x00007ffa27a81000 	C:\Program Files\Android\Android Studio\jre\bin\verify.dll
0x00007ffa35fa0000 - 0x00007ffa361c1000 	C:\WINDOWS\SYSTEM32\DBGHELP.DLL
0x00007ffa22870000 - 0x00007ffa228a1000 	C:\WINDOWS\SYSTEM32\dbgcore.DLL
0x00007ffa38440000 - 0x00007ffa384c0000 	C:\WINDOWS\System32\bcryptPrimitives.dll
0x00007ffa18df0000 - 0x00007ffa18e19000 	C:\Program Files\Android\Android Studio\jre\bin\java.dll
0x00007ffa30750000 - 0x00007ffa3075b000 	C:\Program Files\Android\Android Studio\jre\bin\jimage.dll
0x00007ffa1fb30000 - 0x00007ffa1fb48000 	C:\Program Files\Android\Android Studio\jre\bin\zip.dll
0x00007ffa399a0000 - 0x00007ffa3a109000 	C:\WINDOWS\System32\SHELL32.dll
0x00007ffa365c0000 - 0x00007ffa36e18000 	C:\WINDOWS\SYSTEM32\windows.storage.dll
0x00007ffa38fb0000 - 0x00007ffa39325000 	C:\WINDOWS\System32\combase.dll
0x00007ffa36450000 - 0x00007ffa365b6000 	C:\WINDOWS\SYSTEM32\wintypes.dll
0x00007ffa395f0000 - 0x00007ffa396da000 	C:\WINDOWS\System32\SHCORE.dll
0x00007ffa3ae70000 - 0x00007ffa3aecd000 	C:\WINDOWS\System32\shlwapi.dll
0x00007ffa38370000 - 0x00007ffa38391000 	C:\WINDOWS\SYSTEM32\profapi.dll
0x00007ffa18950000 - 0x00007ffa1896a000 	C:\Program Files\Android\Android Studio\jre\bin\net.dll
0x00007ffa2be10000 - 0x00007ffa2bf1c000 	C:\WINDOWS\SYSTEM32\WINHTTP.dll
0x00007ffa37980000 - 0x00007ffa379e7000 	C:\WINDOWS\system32\mswsock.dll
0x00007ffa184c0000 - 0x00007ffa184d4000 	C:\Program Files\Android\Android Studio\jre\bin\nio.dll
0x00007ffa1d5e0000 - 0x00007ffa1d607000 	C:\Users\pares\.gradle\native\8bec1ad78214c89d9ad589b4d07fe93259594b29d510b10fafb7a158f7737e5d\windows-amd64\native-platform.dll
0x00007ffa0c300000 - 0x00007ffa0c43d000 	C:\Users\pares\.gradle\native\53dbd7edfb1c66fb8903c78663c9afc45aea4f116125fa6feffd364cf09443e8\windows-amd64\native-platform-file-events.dll
0x00007ffa307a0000 - 0x00007ffa307aa000 	C:\Program Files\Android\Android Studio\jre\bin\management.dll
0x00007ffa30790000 - 0x00007ffa3079d000 	C:\Program Files\Android\Android Studio\jre\bin\management_ext.dll
0x00007ffa37cb0000 - 0x00007ffa37cc8000 	C:\WINDOWS\SYSTEM32\CRYPTSP.dll
0x00007ffa374d0000 - 0x00007ffa37505000 	C:\WINDOWS\system32\rsaenh.dll
0x00007ffa37b60000 - 0x00007ffa37b89000 	C:\WINDOWS\SYSTEM32\USERENV.dll
0x00007ffa37e80000 - 0x00007ffa37ea7000 	C:\WINDOWS\SYSTEM32\bcrypt.dll
0x00007ffa37cd0000 - 0x00007ffa37cdc000 	C:\WINDOWS\SYSTEM32\CRYPTBASE.dll
0x00007ffa37060000 - 0x00007ffa3708d000 	C:\WINDOWS\SYSTEM32\IPHLPAPI.DLL
0x00007ffa3a4d0000 - 0x00007ffa3a4d9000 	C:\WINDOWS\System32\NSI.dll
0x00007ffa2bcb0000 - 0x00007ffa2bcc9000 	C:\WINDOWS\SYSTEM32\dhcpcsvc6.DLL
0x00007ffa2c020000 - 0x00007ffa2c03e000 	C:\WINDOWS\SYSTEM32\dhcpcsvc.DLL
0x00007ffa37090000 - 0x00007ffa37175000 	C:\WINDOWS\SYSTEM32\DNSAPI.dll

dbghelp: loaded successfully - version: 4.0.5 - missing functions: none
symbol engine: initialized successfully - sym options: 0x614 - pdb path: .;C:\Program Files\Android\Android Studio\jre\bin;C:\WINDOWS\SYSTEM32;C:\WINDOWS\WinSxS\amd64_microsoft.windows.common-controls_6595b64144ccf1df_6.0.21996.1_none_7d6b053978bcd706;C:\Program Files\Android\Android Studio\jre\bin\server;C:\Users\pares\.gradle\native\8bec1ad78214c89d9ad589b4d07fe93259594b29d510b10fafb7a158f7737e5d\windows-amd64;C:\Users\pares\.gradle\native\53dbd7edfb1c66fb8903c78663c9afc45aea4f116125fa6feffd364cf09443e8\windows-amd64

VM Arguments:
jvm_args: --add-opens=java.base/java.util=ALL-UNNAMED --add-opens=java.base/java.lang=ALL-UNNAMED --add-opens=java.base/java.lang.invoke=ALL-UNNAMED --add-opens=java.base/java.util=ALL-UNNAMED --add-opens=java.prefs/java.util.prefs=ALL-UNNAMED --add-opens=java.prefs/java.util.prefs=ALL-UNNAMED --add-opens=java.base/java.nio.charset=ALL-UNNAMED --add-opens=java.base/java.net=ALL-UNNAMED --add-opens=java.base/java.util.concurrent.atomic=ALL-UNNAMED -Xmx2048m -Dfile.encoding=UTF-8 -Duser.country=US -Duser.language=en -Duser.variant 
java_command: org.gradle.launcher.daemon.bootstrap.GradleDaemon 7.0.2
java_class_path (initial): C:\Users\pares\.gradle\wrapper\dists\gradle-7.0.2-bin\857tjihv64xamwrf0h14cai3r\gradle-7.0.2\lib\gradle-launcher-7.0.2.jar
Launcher Type: SUN_STANDARD

[Global flags]
     intx CICompilerCount                          = 3                                         {product} {ergonomic}
     uint ConcGCThreads                            = 1                                         {product} {ergonomic}
     uint G1ConcRefinementThreads                  = 4                                         {product} {ergonomic}
   size_t G1HeapRegionSize                         = 1048576                                   {product} {ergonomic}
    uintx GCDrainStackTargetSize                   = 64                                        {product} {ergonomic}
   size_t InitialHeapSize                          = 67108864                                  {product} {ergonomic}
   size_t MarkStackSize                            = 4194304                                   {product} {ergonomic}
   size_t MaxHeapSize                              = 2147483648                                {product} {command line}
   size_t MaxNewSize                               = 1287651328                                {product} {ergonomic}
   size_t MinHeapDeltaBytes                        = 1048576                                   {product} {ergonomic}
    uintx NonNMethodCodeHeapSize                   = 5830732                                {pd product} {ergonomic}
    uintx NonProfiledCodeHeapSize                  = 122913754                              {pd product} {ergonomic}
    uintx ProfiledCodeHeapSize                     = 122913754                              {pd product} {ergonomic}
    uintx ReservedCodeCacheSize                    = 251658240                              {pd product} {ergonomic}
     bool SegmentedCodeCache                       = true                                      {product} {ergonomic}
     bool UseCompressedClassPointers               = true                                 {lp64_product} {ergonomic}
     bool UseCompressedOops                        = true                                 {lp64_product} {ergonomic}
     bool UseG1GC                                  = true                                      {product} {ergonomic}
     bool UseLargePagesIndividualAllocation        = false                                  {pd product} {ergonomic}

Logging:
Log output configuration:
 #0: stdout all=warning uptime,level,tags
 #1: stderr all=off uptime,level,tags

Environment Variables:
JAVA_HOME=C:\Program Files\Java\jdk-12.0.2
CLASSPATH=C:\Program Files\Java\jdk-12.0.2\bin
PATH=C:\Program Files\Java\jdk-17.0.1\bin;C:\Program Files\Java\jdk-17.0.1\bin
USERNAME=pares
OS=Windows_NT
PROCESSOR_IDENTIFIER=Intel64 Family 6 Model 78 Stepping 3, GenuineIntel



---------------  S Y S T E M  ---------------

OS: Windows 10 , 64 bit Build 21996 (10.0.21996.1)
OS uptime: 18 days 20:56 hours

CPU:total 4 (initial active 4) (2 cores per cpu, 2 threads per core) family 6 model 78 stepping 3 microcode 0xd6, cmov, cx8, fxsr, mmx, sse, sse2, sse3, ssse3, sse4.1, sse4.2, popcnt, avx, avx2, aes, clmul, erms, 3dnowpref, lzcnt, ht, tsc, tscinvbit, bmi1, bmi2, adx, fma

Memory: 4k page, system-wide physical 3981M (1309M free)
TotalPageFile size 16269M (AvailPageFile size 6M)
current process WorkingSet (physical memory assigned to process): 427M, peak: 428M
current process commit charge ("private bytes"): 607M, peak: 654M

vm_info: OpenJDK 64-Bit Server VM (11.0.11+9-b60-7590822) for windows-amd64 JRE (11.0.11+9-b60-7590822), built on Jul 29 2021 21:43:44 by "builder" with MS VC++ 14.0 (VS2015)

END.
