#
# There is insufficient memory for the Java Runtime Environment to continue.
# Native memory allocation (mmap) failed to map 343932928 bytes for Failed to commit area from 0x0000000091800000 to 0x00000000a6000000 of length 343932928.
# Possible reasons:
#   The system is out of physical RAM or swap space
#   The process is running with CompressedOops enabled, and the Java Heap may be blocking the growth of the native heap
# Possible solutions:
#   Reduce memory load on the system
#   Increase physical memory or swap space
#   Check if swap backing store is full
#   Decrease Java heap size (-Xmx/-Xms)
#   Decrease number of Java threads
#   Decrease Java thread stack sizes (-Xss)
#   Set larger code cache with -XX:ReservedCodeCacheSize=
#   JVM is running with Unscaled Compressed Oops mode in which the Java heap is
#     placed in the first 4GB address space. The Java Heap base address is the
#     maximum limit for the native heap growth. Please use -XX:HeapBaseMinAddress
#     to set the Java Heap base and to place the Java Heap above 4GB virtual address.
# This output file may be truncated or incomplete.
#
#  Out of Memory Error (./src/hotspot/os/windows/os_windows.cpp:3301), pid=2592, tid=11568
#
# JRE version: OpenJDK Runtime Environment (11.0.11+9) (build 11.0.11+9-b60-7590822)
# Java VM: OpenJDK 64-Bit Server VM (11.0.11+9-b60-7590822, mixed mode, tiered, compressed oops, g1 gc, windows-amd64)
# No core dump will be written. Minidumps are not enabled by default on client versions of Windows
#

---------------  S U M M A R Y ------------

Command Line: --add-opens=java.base/java.util=ALL-UNNAMED --add-opens=java.base/java.lang=ALL-UNNAMED --add-opens=java.base/java.lang.invoke=ALL-UNNAMED --add-opens=java.base/java.util=ALL-UNNAMED --add-opens=java.prefs/java.util.prefs=ALL-UNNAMED --add-opens=java.prefs/java.util.prefs=ALL-UNNAMED --add-opens=java.base/java.nio.charset=ALL-UNNAMED --add-opens=java.base/java.net=ALL-UNNAMED --add-opens=java.base/java.util.concurrent.atomic=ALL-UNNAMED -Xmx2048m -Dfile.encoding=UTF-8 -Duser.country=US -Duser.language=en -Duser.variant org.gradle.launcher.daemon.bootstrap.GradleDaemon 7.0.2

Host: Intel(R) Core(TM) i3-6006U CPU @ 2.00GHz, 4 cores, 3G,  Windows 10 , 64 bit Build 21996 (10.0.21996.1)
Time: Wed Feb  2 17:40:30 2022 India Standard Time elapsed time: 5877.985521 seconds (0d 1h 37m 57s)

---------------  T H R E A D  ---------------

Current thread (0x00000284f174a800):  VMThread "VM Thread" [stack: 0x000000e187f00000,0x000000e188000000] [id=11568]

Stack: [0x000000e187f00000,0x000000e188000000]
[error occurred during error reporting (printing stack bounds), id 0xc0000005, EXCEPTION_ACCESS_VIOLATION (0xc0000005) at pc=0x00000284db690f2d]

Native frames: (J=compiled Java code, j=interpreted, Vv=VM code, C=native code)
V  [jvm.dll+0x5f214a]
V  [jvm.dll+0x726fb5]
V  [jvm.dll+0x7285cd]
V  [jvm.dll+0x728be5]
V  [jvm.dll+0x728b9b]
V  [jvm.dll+0x5f14e8]
V  [jvm.dll+0x5f1c78]
C  [ntdll.dll+0xa7c5f]
C  [ntdll.dll+0x359ba]
C  [ntdll.dll+0xa6c6e]
C  0x00000284db690f2d

VM_Operation (0x000000e18a6f9fe0): G1CollectForAllocation, mode: safepoint, requested by thread 0x00000284f4c98000


---------------  P R O C E S S  ---------------

Threads class SMR info:
_java_thread_list=0x00000284fb8a9b00, length=52, elements={
0x00000284d7b9f800, 0x00000284f1750800, 0x00000284f1759000, 0x00000284f17ab800,
0x00000284f17ad000, 0x00000284f17ae000, 0x00000284f17b1000, 0x00000284f17b5800,
0x00000284f17b7800, 0x00000284f2217000, 0x00000284f4e5e000, 0x00000284f3a32800,
0x00000284f3b2d000, 0x00000284f4925000, 0x00000284f4921000, 0x00000284f4924000,
0x00000284f4920000, 0x00000284f4922000, 0x00000284f5771000, 0x00000284f576e800,
0x00000284f5771800, 0x00000284f576c000, 0x00000284f4c90000, 0x00000284f4c8c000,
0x00000284f4c93000, 0x00000284f491f800, 0x00000284f4922800, 0x00000284f4923800,
0x00000284f491e800, 0x00000284f4c8c800, 0x00000284f4c8d800, 0x00000284f4c8e000,
0x00000284f4c91800, 0x00000284f4c90800, 0x00000284f4c94000, 0x00000284f4c92800,
0x00000284f4c8f000, 0x00000284f4c97000, 0x00000284f4c99800, 0x00000284f4c98000,
0x00000284f4c96800, 0x00000284f4c99000, 0x00000284f4c95800, 0x00000284f4c9a800,
0x00000284f5770000, 0x00000284f576f000, 0x00000284fa959800, 0x00000284fa95b000,
0x00000284fa95b800, 0x00000284fa95a000, 0x00000284fa962800, 0x00000284f5a6c000
}

Java Threads: ( => current thread )
  0x00000284d7b9f800 JavaThread "main" [_thread_blocked, id=2024, stack(0x000000e187900000,0x000000e187a00000)]
  0x00000284f1750800 JavaThread "Reference Handler" daemon [_thread_blocked, id=10404, stack(0x000000e188000000,0x000000e188100000)]
  0x00000284f1759000 JavaThread "Finalizer" daemon [_thread_blocked, id=11136, stack(0x000000e188100000,0x000000e188200000)]
  0x00000284f17ab800 JavaThread "Signal Dispatcher" daemon [_thread_blocked, id=4484, stack(0x000000e188200000,0x000000e188300000)]
  0x00000284f17ad000 JavaThread "Attach Listener" daemon [_thread_blocked, id=12116, stack(0x000000e188300000,0x000000e188400000)]
  0x00000284f17ae000 JavaThread "Service Thread" daemon [_thread_blocked, id=6100, stack(0x000000e188400000,0x000000e188500000)]
  0x00000284f17b1000 JavaThread "C2 CompilerThread0" daemon [_thread_blocked, id=5732, stack(0x000000e188500000,0x000000e188600000)]
  0x00000284f17b5800 JavaThread "C1 CompilerThread0" daemon [_thread_blocked, id=3332, stack(0x000000e188600000,0x000000e188700000)]
  0x00000284f17b7800 JavaThread "Sweeper thread" daemon [_thread_blocked, id=5124, stack(0x000000e188700000,0x000000e188800000)]
  0x00000284f2217000 JavaThread "Common-Cleaner" daemon [_thread_blocked, id=6520, stack(0x000000e188800000,0x000000e188900000)]
  0x00000284f4e5e000 JavaThread "Daemon health stats" [_thread_blocked, id=9824, stack(0x000000e188a00000,0x000000e188b00000)]
  0x00000284f3a32800 JavaThread "Incoming local TCP Connector on port 56996" [_thread_in_native, id=1608, stack(0x000000e188c00000,0x000000e188d00000)]
  0x00000284f3b2d000 JavaThread "Daemon periodic checks" [_thread_blocked, id=8724, stack(0x000000e188f00000,0x000000e189000000)]
  0x00000284f4925000 JavaThread "Cache worker for file hash cache (C:\Users\pares\.gradle\caches\7.0.2\fileHashes)" [_thread_blocked, id=9564, stack(0x000000e189700000,0x000000e189800000)]
  0x00000284f4921000 JavaThread "File lock request listener" [_thread_in_native, id=4088, stack(0x000000e189800000,0x000000e189900000)]
  0x00000284f4924000 JavaThread "Cache worker for journal cache (C:\Users\pares\.gradle\caches\journal-1)" [_thread_blocked, id=4616, stack(0x000000e189900000,0x000000e189a00000)]
  0x00000284f4920000 JavaThread "File watcher server" daemon [_thread_blocked, id=5008, stack(0x000000e189b00000,0x000000e189c00000)]
  0x00000284f4922000 JavaThread "File watcher consumer" daemon [_thread_blocked, id=8636, stack(0x000000e189c00000,0x000000e189d00000)]
  0x00000284f5771000 JavaThread "Cache worker for execution history cache (C:\Users\pares\.gradle\caches\7.0.2\executionHistory)" [_thread_blocked, id=11356, stack(0x000000e18a100000,0x000000e18a200000)]
  0x00000284f576e800 JavaThread "jar transforms" [_thread_blocked, id=6368, stack(0x000000e18a000000,0x000000e18a100000)]
  0x00000284f5771800 JavaThread "jar transforms Thread 2" [_thread_blocked, id=7560, stack(0x000000e18a300000,0x000000e18a400000)]
  0x00000284f576c000 JavaThread "Cache worker for file content cache (C:\Users\pares\.gradle\caches\7.0.2\fileContent)" [_thread_blocked, id=2016, stack(0x000000e18a400000,0x000000e18a500000)]
  0x00000284f4c90000 JavaThread "jar transforms Thread 3" [_thread_blocked, id=2292, stack(0x000000e18a200000,0x000000e18a300000)]
  0x00000284f4c8c000 JavaThread "jar transforms Thread 4" [_thread_blocked, id=10768, stack(0x000000e18ad00000,0x000000e18ae00000)]
  0x00000284f4c93000 JavaThread "Memory manager" [_thread_blocked, id=4716, stack(0x000000e187600000,0x000000e187700000)]
  0x00000284f491f800 JavaThread "Daemon Thread 2" [_thread_blocked, id=8692, stack(0x000000e187700000,0x000000e187800000)]
  0x00000284f4922800 JavaThread "Handler for socket connection from /127.0.0.1:56996 to /127.0.0.1:57434" [_thread_in_native, id=1556, stack(0x000000e187800000,0x000000e187900000)]
  0x00000284f4923800 JavaThread "Cancel handler" [_thread_blocked, id=5428, stack(0x000000e189000000,0x000000e189100000)]
  0x00000284f491e800 JavaThread "Daemon worker Thread 2" [_thread_blocked, id=11908, stack(0x000000e189100000,0x000000e189200000)]
  0x00000284f4c8c800 JavaThread "Asynchronous log dispatcher for DefaultDaemonConnection: socket connection from /127.0.0.1:56996 to /127.0.0.1:57434" [_thread_blocked, id=3532, stack(0x000000e189200000,0x000000e189300000)]
  0x00000284f4c8d800 JavaThread "Stdin handler" [_thread_blocked, id=11016, stack(0x000000e189300000,0x000000e189400000)]
  0x00000284f4c8e000 JavaThread "Daemon client event forwarder" [_thread_blocked, id=11804, stack(0x000000e189400000,0x000000e189500000)]
  0x00000284f4c91800 JavaThread "Cache worker for file hash cache (E:\PARESH\STUDY\COLLEGE\MIT WPU KOTHRUD PUNE\II TRIMESTER\Project Android\SmartAttendance\.gradle\7.0.2\fileHashes)" [_thread_blocked, id=10700, stack(0x000000e189500000,0x000000e189600000)]
  0x00000284f4c90800 JavaThread "Cache worker for checksums cache (E:\PARESH\STUDY\COLLEGE\MIT WPU KOTHRUD PUNE\II TRIMESTER\Project Android\SmartAttendance\.gradle\checksums)" [_thread_blocked, id=6332, stack(0x000000e189600000,0x000000e189700000)]
  0x00000284f4c94000 JavaThread "Cache worker for cache directory md-supplier (C:\Users\pares\.gradle\caches\7.0.2\md-supplier)" [_thread_blocked, id=8360, stack(0x000000e189a00000,0x000000e189b00000)]
  0x00000284f4c92800 JavaThread "Cache worker for cache directory md-rule (C:\Users\pares\.gradle\caches\7.0.2\md-rule)" [_thread_blocked, id=9488, stack(0x000000e189d00000,0x000000e189e00000)]
  0x00000284f4c8f000 JavaThread "Cache worker for dependencies-accessors (E:\PARESH\STUDY\COLLEGE\MIT WPU KOTHRUD PUNE\II TRIMESTER\Project Android\SmartAttendance\.gradle\7.0.2\dependencies-accessors)" [_thread_blocked, id=7600, stack(0x000000e189f00000,0x000000e18a000000)]
  0x00000284f4c97000 JavaThread "Cache worker for Build Output Cleanup Cache (E:\PARESH\STUDY\COLLEGE\MIT WPU KOTHRUD PUNE\II TRIMESTER\Project Android\SmartAttendance\.gradle\buildOutputCleanup)" [_thread_blocked, id=1732, stack(0x000000e18a500000,0x000000e18a600000)]
  0x00000284f4c99800 JavaThread "Build operations" [_thread_blocked, id=4740, stack(0x000000e189e00000,0x000000e189f00000)]
  0x00000284f4c98000 JavaThread "Build operations Thread 2" [_thread_blocked, id=2496, stack(0x000000e18a600000,0x000000e18a700000)]
  0x00000284f4c96800 JavaThread "Build operations Thread 3" [_thread_blocked, id=10476, stack(0x000000e18a700000,0x000000e18a800000)]
  0x00000284f4c99000 JavaThread "Build operations Thread 4" [_thread_blocked, id=5988, stack(0x000000e18a800000,0x000000e18a900000)]
  0x00000284f4c95800 JavaThread "build event listener" [_thread_blocked, id=3536, stack(0x000000e18a900000,0x000000e18aa00000)]
  0x00000284f4c9a800 JavaThread "Execution worker for ':'" [_thread_blocked, id=10556, stack(0x000000e18aa00000,0x000000e18ab00000)]
  0x00000284f5770000 JavaThread "Execution worker for ':' Thread 2" [_thread_blocked, id=11924, stack(0x000000e18ab00000,0x000000e18ac00000)]
  0x00000284f576f000 JavaThread "Execution worker for ':' Thread 3" [_thread_blocked, id=4232, stack(0x000000e18ac00000,0x000000e18ad00000)]
  0x00000284fa959800 JavaThread "Cache worker for execution history cache (E:\PARESH\STUDY\COLLEGE\MIT WPU KOTHRUD PUNE\II TRIMESTER\Project Android\SmartAttendance\.gradle\7.0.2\executionHistory)" [_thread_blocked, id=10228, stack(0x000000e18ae00000,0x000000e18af00000)]
  0x00000284fa95b000 JavaThread "WorkerExecutor Queue" [_thread_blocked, id=5720, stack(0x000000e18af00000,0x000000e18b000000)]
  0x00000284fa95b800 JavaThread "pool-6-thread-1" [_thread_blocked, id=9380, stack(0x000000e18b000000,0x000000e18b100000)]
  0x00000284fa95a000 JavaThread "stderr" [_thread_in_native, id=8492, stack(0x000000e18b300000,0x000000e18b400000)]
  0x00000284fa962800 JavaThread "stdout" [_thread_in_native, id=11996, stack(0x000000e18b400000,0x000000e18b500000)]
  0x00000284f5a6c000 JavaThread "C2 CompilerThread1" daemon [_thread_blocked, id=6348, stack(0x000000e18b500000,0x000000e18b600000)]

Other Threads:
=>0x00000284f174a800 VMThread "VM Thread" [stack: 0x000000e187f00000,0x000000e188000000] [id=11568]
  0x00000284f223a800 WatcherThread [stack: 0x000000e188900000,0x000000e188a00000] [id=10904]
  0x00000284d7bb7800 GCTaskThread "GC Thread#0" [stack: 0x000000e187a00000,0x000000e187b00000] [id=1544]
  0x00000284f24fd000 GCTaskThread "GC Thread#1" [stack: 0x000000e188b00000,0x000000e188c00000] [id=4496]
  0x00000284f3aa4800 GCTaskThread "GC Thread#2" [stack: 0x000000e188d00000,0x000000e188e00000] [id=8612]
  0x00000284f3a07800 GCTaskThread "GC Thread#3" [stack: 0x000000e188e00000,0x000000e188f00000] [id=8564]
  0x00000284d7be7800 ConcurrentGCThread "G1 Main Marker" [stack: 0x000000e187b00000,0x000000e187c00000] [id=10592]
  0x00000284d7be9800 ConcurrentGCThread "G1 Conc#0" [stack: 0x000000e187c00000,0x000000e187d00000] [id=11504]
  0x00000284d7c42800 ConcurrentGCThread "G1 Refine#0" [stack: 0x000000e187d00000,0x000000e187e00000] [id=4172]
  0x00000284f8126800 ConcurrentGCThread "G1 Refine#1" [stack: 0x000000e18b100000,0x000000e18b200000] [id=10952]
  0x00000284f7b3e800 ConcurrentGCThread "G1 Refine#2" [stack: 0x000000e18b200000,0x000000e18b300000] [id=824]
  0x00000284d7c43800 ConcurrentGCThread "G1 Young RemSet Sampling" [stack: 0x000000e187e00000,0x000000e187f00000] [id=4888]

Threads with active compile tasks:
C2 CompilerThread05878666 13583 %     4       com.android.tools.r8.internal.E9::e @ 225 (297 bytes)
C1 CompilerThread05878666 13610       3       com.android.tools.r8.internal.U6::a (4191 bytes)
C2 CompilerThread15878667 13584       4       com.android.tools.r8.graph.A0::f (63 bytes)

VM state:at safepoint (normal execution)

VM Mutex/Monitor currently owned by a thread:  ([mutex/lock_event])
[0x00000284d7b9b000] Threads_lock - owner thread: 0x00000284f174a800
[0x00000284d7b9c830] Heap_lock - owner thread: 0x00000284f4c98000

Heap address: 0x0000000080000000, size: 2048 MB, Compressed Oops mode: 32-bit
Narrow klass base: 0x0000000000000000, Narrow klass shift: 3
Compressed class space size: 1073741824 Address: 0x0000000100000000

Heap:
 garbage-first heap   total 622592K, used 88351K [0x0000000080000000, 0x0000000100000000)
  region size 1024K, 2 young (2048K), 2 survivors (2048K)
 Metaspace       used 93197K, capacity 95478K, committed 95616K, reserved 1132544K
  class space    used 11836K, capacity 12606K, committed 12672K, reserved 1048576K
Heap Regions: E=young(eden), S=young(survivor), O=old, HS=humongous(starts), HC=humongous(continues), CS=collection set, F=free, A=archive, TAMS=top-at-mark-start (previous, next)
|   0|0x0000000080000000, 0x0000000080100000, 0x0000000080100000|100%| O|  |TAMS 0x0000000080100000, 0x0000000080000000| Untracked 
|   1|0x0000000080100000, 0x0000000080200000, 0x0000000080200000|100%| O|  |TAMS 0x0000000080200000, 0x0000000080100000| Untracked 
|   2|0x0000000080200000, 0x0000000080300000, 0x0000000080300000|100%| O|  |TAMS 0x0000000080300000, 0x0000000080200000| Untracked 
|   3|0x0000000080300000, 0x0000000080400000, 0x0000000080400000|100%|HS|  |TAMS 0x0000000080400000, 0x0000000080300000| Complete 
|   4|0x0000000080400000, 0x0000000080500000, 0x0000000080500000|100%|HC|  |TAMS 0x0000000080500000, 0x0000000080400000| Complete 
|   5|0x0000000080500000, 0x0000000080600000, 0x0000000080600000|100%|HC|  |TAMS 0x0000000080600000, 0x0000000080500000| Complete 
|   6|0x0000000080600000, 0x0000000080700000, 0x0000000080700000|100%| O|  |TAMS 0x0000000080700000, 0x0000000080600000| Untracked 
|   7|0x0000000080700000, 0x0000000080800000, 0x0000000080800000|100%| O|  |TAMS 0x0000000080800000, 0x0000000080700000| Untracked 
|   8|0x0000000080800000, 0x0000000080900000, 0x0000000080900000|100%| O|  |TAMS 0x0000000080900000, 0x0000000080800000| Untracked 
|   9|0x0000000080900000, 0x0000000080a00000, 0x0000000080a00000|100%| O|  |TAMS 0x0000000080a00000, 0x0000000080900000| Untracked 
|  10|0x0000000080a00000, 0x0000000080b00000, 0x0000000080b00000|100%| O|  |TAMS 0x0000000080b00000, 0x0000000080a00000| Untracked 
|  11|0x0000000080b00000, 0x0000000080c00000, 0x0000000080c00000|100%| O|  |TAMS 0x0000000080c00000, 0x0000000080b00000| Untracked 
|  12|0x0000000080c00000, 0x0000000080d00000, 0x0000000080d00000|100%| O|  |TAMS 0x0000000080d00000, 0x0000000080c00000| Untracked 
|  13|0x0000000080d00000, 0x0000000080e00000, 0x0000000080e00000|100%| O|  |TAMS 0x0000000080e00000, 0x0000000080d00000| Untracked 
|  14|0x0000000080e00000, 0x0000000080f00000, 0x0000000080f00000|100%| O|  |TAMS 0x0000000080f00000, 0x0000000080e00000| Untracked 
|  15|0x0000000080f00000, 0x0000000081000000, 0x0000000081000000|100%| O|  |TAMS 0x0000000081000000, 0x0000000080f00000| Untracked 
|  16|0x0000000081000000, 0x0000000081100000, 0x0000000081100000|100%| O|  |TAMS 0x0000000081100000, 0x0000000081000000| Untracked 
|  17|0x0000000081100000, 0x0000000081200000, 0x0000000081200000|100%| O|  |TAMS 0x0000000081200000, 0x0000000081100000| Untracked 
|  18|0x0000000081200000, 0x0000000081300000, 0x0000000081300000|100%| O|  |TAMS 0x0000000081300000, 0x0000000081200000| Untracked 
|  19|0x0000000081300000, 0x0000000081400000, 0x0000000081400000|100%| O|  |TAMS 0x0000000081400000, 0x0000000081300000| Untracked 
|  20|0x0000000081400000, 0x0000000081500000, 0x0000000081500000|100%| O|  |TAMS 0x0000000081500000, 0x0000000081400000| Untracked 
|  21|0x0000000081500000, 0x0000000081600000, 0x0000000081600000|100%| O|  |TAMS 0x0000000081600000, 0x0000000081500000| Untracked 
|  22|0x0000000081600000, 0x0000000081700000, 0x0000000081700000|100%| O|  |TAMS 0x0000000081700000, 0x0000000081600000| Untracked 
|  23|0x0000000081700000, 0x0000000081800000, 0x0000000081800000|100%| O|  |TAMS 0x0000000081800000, 0x0000000081700000| Untracked 
|  24|0x0000000081800000, 0x0000000081900000, 0x0000000081900000|100%| O|  |TAMS 0x0000000081900000, 0x0000000081800000| Untracked 
|  25|0x0000000081900000, 0x0000000081a00000, 0x0000000081a00000|100%| O|  |TAMS 0x0000000081a00000, 0x0000000081900000| Untracked 
|  26|0x0000000081a00000, 0x0000000081b00000, 0x0000000081b00000|100%| O|  |TAMS 0x0000000081b00000, 0x0000000081a00000| Untracked 
|  27|0x0000000081b00000, 0x0000000081c00000, 0x0000000081c00000|100%|HS|  |TAMS 0x0000000081c00000, 0x0000000081b00000| Complete 
|  28|0x0000000081c00000, 0x0000000081d00000, 0x0000000081d00000|100%|HS|  |TAMS 0x0000000081d00000, 0x0000000081c00000| Complete 
|  29|0x0000000081d00000, 0x0000000081e00000, 0x0000000081e00000|100%| O|  |TAMS 0x0000000081e00000, 0x0000000081d00000| Untracked 
|  30|0x0000000081e00000, 0x0000000081f00000, 0x0000000081f00000|100%| O|  |TAMS 0x0000000081f00000, 0x0000000081e00000| Untracked 
|  31|0x0000000081f00000, 0x0000000082000000, 0x0000000082000000|100%| O|  |TAMS 0x0000000082000000, 0x0000000081f00000| Untracked 
|  32|0x0000000082000000, 0x0000000082100000, 0x0000000082100000|100%| O|  |TAMS 0x0000000082100000, 0x0000000082000000| Untracked 
|  33|0x0000000082100000, 0x0000000082200000, 0x0000000082200000|100%| O|  |TAMS 0x0000000082200000, 0x0000000082100000| Untracked 
|  34|0x0000000082200000, 0x0000000082300000, 0x0000000082300000|100%|HS|  |TAMS 0x0000000082300000, 0x0000000082200000| Complete 
|  35|0x0000000082300000, 0x0000000082400000, 0x0000000082400000|100%|HC|  |TAMS 0x0000000082400000, 0x0000000082300000| Complete 
|  36|0x0000000082400000, 0x0000000082500000, 0x0000000082500000|100%| O|  |TAMS 0x0000000082500000, 0x0000000082400000| Untracked 
|  37|0x0000000082500000, 0x0000000082600000, 0x0000000082600000|100%| O|  |TAMS 0x0000000082600000, 0x0000000082500000| Untracked 
|  38|0x0000000082600000, 0x0000000082700000, 0x0000000082700000|100%| O|  |TAMS 0x0000000082700000, 0x0000000082600000| Untracked 
|  39|0x0000000082700000, 0x0000000082800000, 0x0000000082800000|100%| O|  |TAMS 0x0000000082800000, 0x0000000082700000| Untracked 
|  40|0x0000000082800000, 0x0000000082900000, 0x0000000082900000|100%| O|  |TAMS 0x0000000082900000, 0x0000000082800000| Untracked 
|  41|0x0000000082900000, 0x0000000082a00000, 0x0000000082a00000|100%| O|  |TAMS 0x0000000082a00000, 0x0000000082900000| Untracked 
|  42|0x0000000082a00000, 0x0000000082b00000, 0x0000000082b00000|100%| O|  |TAMS 0x0000000082b00000, 0x0000000082a00000| Untracked 
|  43|0x0000000082b00000, 0x0000000082c00000, 0x0000000082c00000|100%| O|  |TAMS 0x0000000082c00000, 0x0000000082b00000| Untracked 
|  44|0x0000000082c00000, 0x0000000082d00000, 0x0000000082d00000|100%| O|  |TAMS 0x0000000082d00000, 0x0000000082c00000| Untracked 
|  45|0x0000000082d00000, 0x0000000082e00000, 0x0000000082e00000|100%| O|  |TAMS 0x0000000082e00000, 0x0000000082d00000| Untracked 
|  46|0x0000000082e00000, 0x0000000082f00000, 0x0000000082f00000|100%| O|  |TAMS 0x0000000082f00000, 0x0000000082e00000| Untracked 
|  47|0x0000000082f00000, 0x0000000083000000, 0x0000000083000000|100%| O|  |TAMS 0x0000000083000000, 0x0000000082f00000| Untracked 
|  48|0x0000000083000000, 0x0000000083100000, 0x0000000083100000|100%| O|  |TAMS 0x0000000083100000, 0x0000000083000000| Untracked 
|  49|0x0000000083100000, 0x0000000083200000, 0x0000000083200000|100%| O|  |TAMS 0x0000000083200000, 0x0000000083100000| Untracked 
|  50|0x0000000083200000, 0x0000000083300000, 0x0000000083300000|100%| O|  |TAMS 0x0000000083300000, 0x0000000083200000| Untracked 
|  51|0x0000000083300000, 0x0000000083400000, 0x0000000083400000|100%| O|  |TAMS 0x0000000083400000, 0x0000000083300000| Untracked 
|  52|0x0000000083400000, 0x0000000083500000, 0x0000000083500000|100%| O|  |TAMS 0x0000000083500000, 0x0000000083400000| Untracked 
|  53|0x0000000083500000, 0x0000000083600000, 0x0000000083600000|100%| O|  |TAMS 0x0000000083600000, 0x0000000083500000| Untracked 
|  54|0x0000000083600000, 0x0000000083700000, 0x0000000083700000|100%| O|  |TAMS 0x0000000083700000, 0x0000000083600000| Untracked 
|  55|0x0000000083700000, 0x0000000083800000, 0x0000000083800000|100%| O|  |TAMS 0x0000000083800000, 0x0000000083700000| Untracked 
|  56|0x0000000083800000, 0x0000000083900000, 0x0000000083900000|100%| O|  |TAMS 0x0000000083900000, 0x0000000083800000| Untracked 
|  57|0x0000000083900000, 0x0000000083a00000, 0x0000000083a00000|100%| O|  |TAMS 0x0000000083a00000, 0x0000000083900000| Untracked 
|  58|0x0000000083a00000, 0x0000000083b00000, 0x0000000083b00000|100%| O|  |TAMS 0x0000000083b00000, 0x0000000083a00000| Untracked 
|  59|0x0000000083b00000, 0x0000000083c00000, 0x0000000083c00000|100%| O|  |TAMS 0x0000000083c00000, 0x0000000083b00000| Untracked 
|  60|0x0000000083c00000, 0x0000000083d00000, 0x0000000083d00000|100%| O|  |TAMS 0x0000000083d00000, 0x0000000083c00000| Untracked 
|  61|0x0000000083d00000, 0x0000000083e00000, 0x0000000083e00000|100%| O|  |TAMS 0x0000000083e00000, 0x0000000083d00000| Untracked 
|  62|0x0000000083e00000, 0x0000000083f00000, 0x0000000083f00000|100%| O|  |TAMS 0x0000000083f00000, 0x0000000083e00000| Untracked 
|  63|0x0000000083f00000, 0x0000000084000000, 0x0000000084000000|100%| O|  |TAMS 0x0000000084000000, 0x0000000083f00000| Untracked 
|  64|0x0000000084000000, 0x0000000084100000, 0x0000000084100000|100%| O|  |TAMS 0x0000000084100000, 0x0000000084000000| Untracked 
|  65|0x0000000084100000, 0x0000000084200000, 0x0000000084200000|100%| O|  |TAMS 0x0000000084200000, 0x0000000084100000| Untracked 
|  66|0x0000000084200000, 0x0000000084300000, 0x0000000084300000|100%| O|  |TAMS 0x0000000084300000, 0x0000000084200000| Untracked 
|  67|0x0000000084300000, 0x0000000084400000, 0x0000000084400000|100%| O|  |TAMS 0x0000000084400000, 0x0000000084300000| Untracked 
|  68|0x0000000084400000, 0x0000000084500000, 0x0000000084500000|100%| O|  |TAMS 0x0000000084500000, 0x0000000084400000| Untracked 
|  69|0x0000000084500000, 0x0000000084600000, 0x0000000084600000|100%| O|  |TAMS 0x0000000084600000, 0x0000000084500000| Untracked 
|  70|0x0000000084600000, 0x0000000084700000, 0x0000000084700000|100%| O|  |TAMS 0x0000000084700000, 0x0000000084600000| Untracked 
|  71|0x0000000084700000, 0x0000000084800000, 0x0000000084800000|100%| O|  |TAMS 0x0000000084800000, 0x0000000084700000| Untracked 
|  72|0x0000000084800000, 0x0000000084900000, 0x0000000084900000|100%| O|  |TAMS 0x0000000084900000, 0x0000000084800000| Untracked 
|  73|0x0000000084900000, 0x0000000084a00000, 0x0000000084a00000|100%| O|  |TAMS 0x0000000084a00000, 0x0000000084900000| Untracked 
|  74|0x0000000084a00000, 0x0000000084b00000, 0x0000000084b00000|100%| O|  |TAMS 0x0000000084b00000, 0x0000000084a00000| Untracked 
|  75|0x0000000084b00000, 0x0000000084c00000, 0x0000000084c00000|100%| O|  |TAMS 0x0000000084c00000, 0x0000000084b00000| Untracked 
|  76|0x0000000084c00000, 0x0000000084d00000, 0x0000000084d00000|100%| O|  |TAMS 0x0000000084d00000, 0x0000000084c00000| Untracked 
|  77|0x0000000084d00000, 0x0000000084e00000, 0x0000000084e00000|100%| O|  |TAMS 0x0000000084e00000, 0x0000000084d00000| Untracked 
|  78|0x0000000084e00000, 0x0000000084f00000, 0x0000000084f00000|100%| O|  |TAMS 0x0000000084f00000, 0x0000000084e00000| Untracked 
|  79|0x0000000084f00000, 0x0000000085000000, 0x0000000085000000|100%| O|  |TAMS 0x0000000085000000, 0x0000000084f00000| Untracked 
|  80|0x0000000085000000, 0x0000000085100000, 0x0000000085100000|100%| O|  |TAMS 0x0000000085100000, 0x0000000085000000| Untracked 
|  81|0x0000000085100000, 0x0000000085200000, 0x0000000085200000|100%| O|  |TAMS 0x0000000085133600, 0x0000000085100000| Untracked 
|  82|0x0000000085200000, 0x0000000085247e00, 0x0000000085300000| 28%| O|  |TAMS 0x0000000085200000, 0x0000000085200000| Untracked 
|  83|0x0000000085300000, 0x0000000085300000, 0x0000000085400000|  0%| F|  |TAMS 0x0000000085300000, 0x0000000085300000| Untracked 
|  84|0x0000000085400000, 0x0000000085400000, 0x0000000085500000|  0%| F|  |TAMS 0x0000000085400000, 0x0000000085400000| Untracked 
|  85|0x0000000085500000, 0x0000000085500000, 0x0000000085600000|  0%| F|  |TAMS 0x0000000085500000, 0x0000000085500000| Untracked 
|  86|0x0000000085600000, 0x0000000085600000, 0x0000000085700000|  0%| F|  |TAMS 0x0000000085600000, 0x0000000085600000| Untracked 
|  87|0x0000000085700000, 0x0000000085700000, 0x0000000085800000|  0%| F|  |TAMS 0x0000000085700000, 0x0000000085700000| Untracked 
|  88|0x0000000085800000, 0x0000000085800000, 0x0000000085900000|  0%| F|  |TAMS 0x0000000085800000, 0x0000000085800000| Untracked 
|  89|0x0000000085900000, 0x0000000085900000, 0x0000000085a00000|  0%| F|  |TAMS 0x0000000085900000, 0x0000000085900000| Untracked 
|  90|0x0000000085a00000, 0x0000000085b00000, 0x0000000085b00000|100%| O|  |TAMS 0x0000000085b00000, 0x0000000085a00000| Untracked 
|  91|0x0000000085b00000, 0x0000000085c00000, 0x0000000085c00000|100%| O|  |TAMS 0x0000000085c00000, 0x0000000085b00000| Untracked 
|  92|0x0000000085c00000, 0x0000000085c00000, 0x0000000085d00000|  0%| F|  |TAMS 0x0000000085c00000, 0x0000000085c00000| Untracked 
|  93|0x0000000085d00000, 0x0000000085d00000, 0x0000000085e00000|  0%| F|  |TAMS 0x0000000085d00000, 0x0000000085d00000| Untracked 
|  94|0x0000000085e00000, 0x0000000085e00000, 0x0000000085f00000|  0%| F|  |TAMS 0x0000000085e00000, 0x0000000085e00000| Untracked 
|  95|0x0000000085f00000, 0x0000000085f00000, 0x0000000086000000|  0%| F|  |TAMS 0x0000000085f00000, 0x0000000085f00000| Untracked 
|  96|0x0000000086000000, 0x0000000086000000, 0x0000000086100000|  0%| F|  |TAMS 0x0000000086000000, 0x0000000086000000| Untracked 
|  97|0x0000000086100000, 0x0000000086100000, 0x0000000086200000|  0%| F|  |TAMS 0x0000000086100000, 0x0000000086100000| Untracked 
|  98|0x0000000086200000, 0x0000000086200000, 0x0000000086300000|  0%| F|  |TAMS 0x0000000086200000, 0x0000000086200000| Untracked 
|  99|0x0000000086300000, 0x0000000086300000, 0x0000000086400000|  0%| F|  |TAMS 0x0000000086300000, 0x0000000086300000| Untracked 
| 100|0x0000000086400000, 0x0000000086400000, 0x0000000086500000|  0%| F|  |TAMS 0x0000000086400000, 0x0000000086400000| Untracked 
| 101|0x0000000086500000, 0x0000000086500000, 0x0000000086600000|  0%| F|  |TAMS 0x0000000086500000, 0x0000000086500000| Untracked 
| 102|0x0000000086600000, 0x0000000086600000, 0x0000000086700000|  0%| F|  |TAMS 0x0000000086600000, 0x0000000086600000| Untracked 
| 103|0x0000000086700000, 0x0000000086700000, 0x0000000086800000|  0%| F|  |TAMS 0x0000000086700000, 0x0000000086700000| Untracked 
| 104|0x0000000086800000, 0x0000000086800000, 0x0000000086900000|  0%| F|  |TAMS 0x0000000086800000, 0x0000000086800000| Untracked 
| 105|0x0000000086900000, 0x0000000086900000, 0x0000000086a00000|  0%| F|  |TAMS 0x0000000086900000, 0x0000000086900000| Untracked 
| 106|0x0000000086a00000, 0x0000000086a00000, 0x0000000086b00000|  0%| F|  |TAMS 0x0000000086a00000, 0x0000000086a00000| Untracked 
| 107|0x0000000086b00000, 0x0000000086b00000, 0x0000000086c00000|  0%| F|  |TAMS 0x0000000086b00000, 0x0000000086b00000| Untracked 
| 108|0x0000000086c00000, 0x0000000086c00000, 0x0000000086d00000|  0%| F|  |TAMS 0x0000000086c00000, 0x0000000086c00000| Untracked 
| 109|0x0000000086d00000, 0x0000000086d00000, 0x0000000086e00000|  0%| F|  |TAMS 0x0000000086d00000, 0x0000000086d00000| Untracked 
| 110|0x0000000086e00000, 0x0000000086e00000, 0x0000000086f00000|  0%| F|  |TAMS 0x0000000086e00000, 0x0000000086e00000| Untracked 
| 111|0x0000000086f00000, 0x0000000086f00000, 0x0000000087000000|  0%| F|  |TAMS 0x0000000086f00000, 0x0000000086f00000| Untracked 
| 112|0x0000000087000000, 0x0000000087000000, 0x0000000087100000|  0%| F|  |TAMS 0x0000000087000000, 0x0000000087000000| Untracked 
| 113|0x0000000087100000, 0x0000000087100000, 0x0000000087200000|  0%| F|  |TAMS 0x0000000087100000, 0x0000000087100000| Untracked 
| 114|0x0000000087200000, 0x0000000087200000, 0x0000000087300000|  0%| F|  |TAMS 0x0000000087200000, 0x0000000087200000| Untracked 
| 115|0x0000000087300000, 0x0000000087300000, 0x0000000087400000|  0%| F|  |TAMS 0x0000000087300000, 0x0000000087300000| Untracked 
| 116|0x0000000087400000, 0x0000000087400000, 0x0000000087500000|  0%| F|  |TAMS 0x0000000087400000, 0x0000000087400000| Untracked 
| 117|0x0000000087500000, 0x0000000087500000, 0x0000000087600000|  0%| F|  |TAMS 0x0000000087500000, 0x0000000087500000| Untracked 
| 118|0x0000000087600000, 0x0000000087600000, 0x0000000087700000|  0%| F|  |TAMS 0x0000000087600000, 0x0000000087600000| Untracked 
| 119|0x0000000087700000, 0x0000000087700000, 0x0000000087800000|  0%| F|  |TAMS 0x0000000087700000, 0x0000000087700000| Untracked 
| 120|0x0000000087800000, 0x0000000087800000, 0x0000000087900000|  0%| F|  |TAMS 0x0000000087800000, 0x0000000087800000| Untracked 
| 121|0x0000000087900000, 0x0000000087900000, 0x0000000087a00000|  0%| F|  |TAMS 0x0000000087900000, 0x0000000087900000| Untracked 
| 122|0x0000000087a00000, 0x0000000087a00000, 0x0000000087b00000|  0%| F|  |TAMS 0x0000000087a00000, 0x0000000087a00000| Untracked 
| 123|0x0000000087b00000, 0x0000000087b00000, 0x0000000087c00000|  0%| F|  |TAMS 0x0000000087b00000, 0x0000000087b00000| Untracked 
| 124|0x0000000087c00000, 0x0000000087c00000, 0x0000000087d00000|  0%| F|  |TAMS 0x0000000087c00000, 0x0000000087c00000| Untracked 
| 125|0x0000000087d00000, 0x0000000087d00000, 0x0000000087e00000|  0%| F|  |TAMS 0x0000000087d00000, 0x0000000087d00000| Untracked 
| 126|0x0000000087e00000, 0x0000000087e00000, 0x0000000087f00000|  0%| F|  |TAMS 0x0000000087e00000, 0x0000000087e00000| Untracked 
| 127|0x0000000087f00000, 0x0000000087f00000, 0x0000000088000000|  0%| F|  |TAMS 0x0000000087f00000, 0x0000000087f00000| Untracked 
| 128|0x0000000088000000, 0x0000000088000000, 0x0000000088100000|  0%| F|  |TAMS 0x0000000088000000, 0x0000000088000000| Untracked 
| 129|0x0000000088100000, 0x0000000088100000, 0x0000000088200000|  0%| F|  |TAMS 0x0000000088100000, 0x0000000088100000| Untracked 
| 130|0x0000000088200000, 0x0000000088200000, 0x0000000088300000|  0%| F|  |TAMS 0x0000000088200000, 0x0000000088200000| Untracked 
| 131|0x0000000088300000, 0x0000000088300000, 0x0000000088400000|  0%| F|  |TAMS 0x0000000088300000, 0x0000000088300000| Untracked 
| 132|0x0000000088400000, 0x0000000088400000, 0x0000000088500000|  0%| F|  |TAMS 0x0000000088400000, 0x0000000088400000| Untracked 
| 133|0x0000000088500000, 0x0000000088500000, 0x0000000088600000|  0%| F|  |TAMS 0x0000000088500000, 0x0000000088500000| Untracked 
| 134|0x0000000088600000, 0x0000000088600000, 0x0000000088700000|  0%| F|  |TAMS 0x0000000088600000, 0x0000000088600000| Untracked 
| 135|0x0000000088700000, 0x0000000088700000, 0x0000000088800000|  0%| F|  |TAMS 0x0000000088700000, 0x0000000088700000| Untracked 
| 136|0x0000000088800000, 0x0000000088800000, 0x0000000088900000|  0%| F|  |TAMS 0x0000000088800000, 0x0000000088800000| Untracked 
| 137|0x0000000088900000, 0x0000000088900000, 0x0000000088a00000|  0%| F|  |TAMS 0x0000000088900000, 0x0000000088900000| Untracked 
| 138|0x0000000088a00000, 0x0000000088a00000, 0x0000000088b00000|  0%| F|  |TAMS 0x0000000088a00000, 0x0000000088a00000| Untracked 
| 139|0x0000000088b00000, 0x0000000088b00000, 0x0000000088c00000|  0%| F|  |TAMS 0x0000000088b00000, 0x0000000088b00000| Untracked 
| 140|0x0000000088c00000, 0x0000000088c00000, 0x0000000088d00000|  0%| F|  |TAMS 0x0000000088c00000, 0x0000000088c00000| Untracked 
| 141|0x0000000088d00000, 0x0000000088d00000, 0x0000000088e00000|  0%| F|  |TAMS 0x0000000088d00000, 0x0000000088d00000| Untracked 
| 142|0x0000000088e00000, 0x0000000088e00000, 0x0000000088f00000|  0%| F|  |TAMS 0x0000000088e00000, 0x0000000088e00000| Untracked 
| 143|0x0000000088f00000, 0x0000000088f00000, 0x0000000089000000|  0%| F|  |TAMS 0x0000000088f00000, 0x0000000088f00000| Untracked 
| 144|0x0000000089000000, 0x0000000089000000, 0x0000000089100000|  0%| F|  |TAMS 0x0000000089000000, 0x0000000089000000| Untracked 
| 145|0x0000000089100000, 0x0000000089100000, 0x0000000089200000|  0%| F|  |TAMS 0x0000000089100000, 0x0000000089100000| Untracked 
| 146|0x0000000089200000, 0x0000000089200000, 0x0000000089300000|  0%| F|  |TAMS 0x0000000089200000, 0x0000000089200000| Untracked 
| 147|0x0000000089300000, 0x0000000089300000, 0x0000000089400000|  0%| F|  |TAMS 0x0000000089300000, 0x0000000089300000| Untracked 
| 148|0x0000000089400000, 0x0000000089400000, 0x0000000089500000|  0%| F|  |TAMS 0x0000000089400000, 0x0000000089400000| Untracked 
| 149|0x0000000089500000, 0x0000000089500000, 0x0000000089600000|  0%| F|  |TAMS 0x0000000089500000, 0x0000000089500000| Untracked 
| 150|0x0000000089600000, 0x0000000089600000, 0x0000000089700000|  0%| F|  |TAMS 0x0000000089600000, 0x0000000089600000| Untracked 
| 151|0x0000000089700000, 0x0000000089700000, 0x0000000089800000|  0%| F|  |TAMS 0x0000000089700000, 0x0000000089700000| Untracked 
| 152|0x0000000089800000, 0x0000000089800000, 0x0000000089900000|  0%| F|  |TAMS 0x0000000089800000, 0x0000000089800000| Untracked 
| 153|0x0000000089900000, 0x0000000089900000, 0x0000000089a00000|  0%| F|  |TAMS 0x0000000089900000, 0x0000000089900000| Untracked 
| 154|0x0000000089a00000, 0x0000000089a00000, 0x0000000089b00000|  0%| F|  |TAMS 0x0000000089a00000, 0x0000000089a00000| Untracked 
| 155|0x0000000089b00000, 0x0000000089b00000, 0x0000000089c00000|  0%| F|  |TAMS 0x0000000089b00000, 0x0000000089b00000| Untracked 
| 156|0x0000000089c00000, 0x0000000089c00000, 0x0000000089d00000|  0%| F|  |TAMS 0x0000000089c00000, 0x0000000089c00000| Untracked 
| 157|0x0000000089d00000, 0x0000000089d00000, 0x0000000089e00000|  0%| F|  |TAMS 0x0000000089d00000, 0x0000000089d00000| Untracked 
| 158|0x0000000089e00000, 0x0000000089e00000, 0x0000000089f00000|  0%| F|  |TAMS 0x0000000089e00000, 0x0000000089e00000| Untracked 
| 159|0x0000000089f00000, 0x0000000089f00000, 0x000000008a000000|  0%| F|  |TAMS 0x0000000089f00000, 0x0000000089f00000| Untracked 
| 160|0x000000008a000000, 0x000000008a000000, 0x000000008a100000|  0%| F|  |TAMS 0x000000008a000000, 0x000000008a000000| Untracked 
| 161|0x000000008a100000, 0x000000008a100000, 0x000000008a200000|  0%| F|  |TAMS 0x000000008a100000, 0x000000008a100000| Untracked 
| 162|0x000000008a200000, 0x000000008a200000, 0x000000008a300000|  0%| F|  |TAMS 0x000000008a200000, 0x000000008a200000| Untracked 
| 163|0x000000008a300000, 0x000000008a300000, 0x000000008a400000|  0%| F|  |TAMS 0x000000008a300000, 0x000000008a300000| Untracked 
| 164|0x000000008a400000, 0x000000008a400000, 0x000000008a500000|  0%| F|  |TAMS 0x000000008a400000, 0x000000008a400000| Untracked 
| 165|0x000000008a500000, 0x000000008a500000, 0x000000008a600000|  0%| F|  |TAMS 0x000000008a500000, 0x000000008a500000| Untracked 
| 166|0x000000008a600000, 0x000000008a600000, 0x000000008a700000|  0%| F|  |TAMS 0x000000008a600000, 0x000000008a600000| Untracked 
| 167|0x000000008a700000, 0x000000008a700000, 0x000000008a800000|  0%| F|  |TAMS 0x000000008a700000, 0x000000008a700000| Untracked 
| 168|0x000000008a800000, 0x000000008a800000, 0x000000008a900000|  0%| F|  |TAMS 0x000000008a800000, 0x000000008a800000| Untracked 
| 169|0x000000008a900000, 0x000000008a900000, 0x000000008aa00000|  0%| F|  |TAMS 0x000000008a900000, 0x000000008a900000| Untracked 
| 170|0x000000008aa00000, 0x000000008aa00000, 0x000000008ab00000|  0%| F|  |TAMS 0x000000008aa00000, 0x000000008aa00000| Untracked 
| 171|0x000000008ab00000, 0x000000008ab00000, 0x000000008ac00000|  0%| F|  |TAMS 0x000000008ab00000, 0x000000008ab00000| Untracked 
| 172|0x000000008ac00000, 0x000000008ac00000, 0x000000008ad00000|  0%| F|  |TAMS 0x000000008ac00000, 0x000000008ac00000| Untracked 
| 173|0x000000008ad00000, 0x000000008ad00000, 0x000000008ae00000|  0%| F|  |TAMS 0x000000008ad00000, 0x000000008ad00000| Untracked 
| 174|0x000000008ae00000, 0x000000008ae00000, 0x000000008af00000|  0%| F|  |TAMS 0x000000008ae00000, 0x000000008ae00000| Untracked 
| 175|0x000000008af00000, 0x000000008af00000, 0x000000008b000000|  0%| F|  |TAMS 0x000000008af00000, 0x000000008af00000| Untracked 
| 176|0x000000008b000000, 0x000000008b000000, 0x000000008b100000|  0%| F|  |TAMS 0x000000008b000000, 0x000000008b000000| Untracked 
| 177|0x000000008b100000, 0x000000008b100000, 0x000000008b200000|  0%| F|  |TAMS 0x000000008b100000, 0x000000008b100000| Untracked 
| 178|0x000000008b200000, 0x000000008b200000, 0x000000008b300000|  0%| F|  |TAMS 0x000000008b200000, 0x000000008b200000| Untracked 
| 179|0x000000008b300000, 0x000000008b300000, 0x000000008b400000|  0%| F|  |TAMS 0x000000008b300000, 0x000000008b300000| Untracked 
| 180|0x000000008b400000, 0x000000008b400000, 0x000000008b500000|  0%| F|  |TAMS 0x000000008b400000, 0x000000008b400000| Untracked 
| 181|0x000000008b500000, 0x000000008b500000, 0x000000008b600000|  0%| F|  |TAMS 0x000000008b500000, 0x000000008b500000| Untracked 
| 182|0x000000008b600000, 0x000000008b600000, 0x000000008b700000|  0%| F|  |TAMS 0x000000008b600000, 0x000000008b600000| Untracked 
| 183|0x000000008b700000, 0x000000008b700000, 0x000000008b800000|  0%| F|  |TAMS 0x000000008b700000, 0x000000008b700000| Untracked 
| 184|0x000000008b800000, 0x000000008b800000, 0x000000008b900000|  0%| F|  |TAMS 0x000000008b800000, 0x000000008b800000| Untracked 
| 185|0x000000008b900000, 0x000000008b900000, 0x000000008ba00000|  0%| F|  |TAMS 0x000000008b900000, 0x000000008b900000| Untracked 
| 186|0x000000008ba00000, 0x000000008ba00000, 0x000000008bb00000|  0%| F|  |TAMS 0x000000008ba00000, 0x000000008ba00000| Untracked 
| 187|0x000000008bb00000, 0x000000008bb00000, 0x000000008bc00000|  0%| F|  |TAMS 0x000000008bb00000, 0x000000008bb00000| Untracked 
| 188|0x000000008bc00000, 0x000000008bc00000, 0x000000008bd00000|  0%| F|  |TAMS 0x000000008bc00000, 0x000000008bc00000| Untracked 
| 189|0x000000008bd00000, 0x000000008bd00000, 0x000000008be00000|  0%| F|  |TAMS 0x000000008bd00000, 0x000000008bd00000| Untracked 
| 190|0x000000008be00000, 0x000000008be00000, 0x000000008bf00000|  0%| F|  |TAMS 0x000000008be00000, 0x000000008be00000| Untracked 
| 191|0x000000008bf00000, 0x000000008bf00000, 0x000000008c000000|  0%| F|  |TAMS 0x000000008bf00000, 0x000000008bf00000| Untracked 
| 192|0x000000008c000000, 0x000000008c000000, 0x000000008c100000|  0%| F|  |TAMS 0x000000008c000000, 0x000000008c000000| Untracked 
| 193|0x000000008c100000, 0x000000008c100000, 0x000000008c200000|  0%| F|  |TAMS 0x000000008c100000, 0x000000008c100000| Untracked 
| 194|0x000000008c200000, 0x000000008c200000, 0x000000008c300000|  0%| F|  |TAMS 0x000000008c200000, 0x000000008c200000| Untracked 
| 195|0x000000008c300000, 0x000000008c300000, 0x000000008c400000|  0%| F|  |TAMS 0x000000008c300000, 0x000000008c300000| Untracked 
| 196|0x000000008c400000, 0x000000008c400000, 0x000000008c500000|  0%| F|  |TAMS 0x000000008c400000, 0x000000008c400000| Untracked 
| 197|0x000000008c500000, 0x000000008c500000, 0x000000008c600000|  0%| F|  |TAMS 0x000000008c500000, 0x000000008c500000| Untracked 
| 198|0x000000008c600000, 0x000000008c600000, 0x000000008c700000|  0%| F|  |TAMS 0x000000008c600000, 0x000000008c600000| Untracked 
| 199|0x000000008c700000, 0x000000008c700000, 0x000000008c800000|  0%| F|  |TAMS 0x000000008c700000, 0x000000008c700000| Untracked 
| 200|0x000000008c800000, 0x000000008c800000, 0x000000008c900000|  0%| F|  |TAMS 0x000000008c800000, 0x000000008c800000| Untracked 
| 201|0x000000008c900000, 0x000000008c900000, 0x000000008ca00000|  0%| F|  |TAMS 0x000000008c900000, 0x000000008c900000| Untracked 
| 202|0x000000008ca00000, 0x000000008ca00000, 0x000000008cb00000|  0%| F|  |TAMS 0x000000008ca00000, 0x000000008ca00000| Untracked 
| 203|0x000000008cb00000, 0x000000008cb00000, 0x000000008cc00000|  0%| F|  |TAMS 0x000000008cb00000, 0x000000008cb00000| Untracked 
| 204|0x000000008cc00000, 0x000000008cc00000, 0x000000008cd00000|  0%| F|  |TAMS 0x000000008cc00000, 0x000000008cc00000| Untracked 
| 205|0x000000008cd00000, 0x000000008cd00000, 0x000000008ce00000|  0%| F|  |TAMS 0x000000008cd00000, 0x000000008cd00000| Untracked 
| 206|0x000000008ce00000, 0x000000008ce00000, 0x000000008cf00000|  0%| F|  |TAMS 0x000000008ce00000, 0x000000008ce00000| Untracked 
| 207|0x000000008cf00000, 0x000000008cf00000, 0x000000008d000000|  0%| F|  |TAMS 0x000000008cf00000, 0x000000008cf00000| Untracked 
| 208|0x000000008d000000, 0x000000008d000000, 0x000000008d100000|  0%| F|  |TAMS 0x000000008d000000, 0x000000008d000000| Untracked 
| 209|0x000000008d100000, 0x000000008d100000, 0x000000008d200000|  0%| F|  |TAMS 0x000000008d100000, 0x000000008d100000| Untracked 
| 210|0x000000008d200000, 0x000000008d200000, 0x000000008d300000|  0%| F|  |TAMS 0x000000008d200000, 0x000000008d200000| Untracked 
| 211|0x000000008d300000, 0x000000008d300000, 0x000000008d400000|  0%| F|  |TAMS 0x000000008d300000, 0x000000008d300000| Untracked 
| 212|0x000000008d400000, 0x000000008d400000, 0x000000008d500000|  0%| F|  |TAMS 0x000000008d400000, 0x000000008d400000| Untracked 
| 213|0x000000008d500000, 0x000000008d500000, 0x000000008d600000|  0%| F|  |TAMS 0x000000008d500000, 0x000000008d500000| Untracked 
| 214|0x000000008d600000, 0x000000008d600000, 0x000000008d700000|  0%| F|  |TAMS 0x000000008d600000, 0x000000008d600000| Untracked 
| 215|0x000000008d700000, 0x000000008d700000, 0x000000008d800000|  0%| F|  |TAMS 0x000000008d700000, 0x000000008d700000| Untracked 
| 216|0x000000008d800000, 0x000000008d800000, 0x000000008d900000|  0%| F|  |TAMS 0x000000008d800000, 0x000000008d800000| Untracked 
| 217|0x000000008d900000, 0x000000008d900000, 0x000000008da00000|  0%| F|  |TAMS 0x000000008d900000, 0x000000008d900000| Untracked 
| 218|0x000000008da00000, 0x000000008da00000, 0x000000008db00000|  0%| F|  |TAMS 0x000000008da00000, 0x000000008da00000| Untracked 
| 219|0x000000008db00000, 0x000000008db00000, 0x000000008dc00000|  0%| F|  |TAMS 0x000000008db00000, 0x000000008db00000| Untracked 
| 220|0x000000008dc00000, 0x000000008dc00000, 0x000000008dd00000|  0%| F|  |TAMS 0x000000008dc00000, 0x000000008dc00000| Untracked 
| 221|0x000000008dd00000, 0x000000008dd00000, 0x000000008de00000|  0%| F|  |TAMS 0x000000008dd00000, 0x000000008dd00000| Untracked 
| 222|0x000000008de00000, 0x000000008de00000, 0x000000008df00000|  0%| F|  |TAMS 0x000000008de00000, 0x000000008de00000| Untracked 
| 223|0x000000008df00000, 0x000000008df00000, 0x000000008e000000|  0%| F|  |TAMS 0x000000008df00000, 0x000000008df00000| Untracked 
| 224|0x000000008e000000, 0x000000008e000000, 0x000000008e100000|  0%| F|  |TAMS 0x000000008e000000, 0x000000008e000000| Untracked 
| 225|0x000000008e100000, 0x000000008e100000, 0x000000008e200000|  0%| F|  |TAMS 0x000000008e100000, 0x000000008e100000| Untracked 
| 226|0x000000008e200000, 0x000000008e200000, 0x000000008e300000|  0%| F|  |TAMS 0x000000008e200000, 0x000000008e200000| Untracked 
| 227|0x000000008e300000, 0x000000008e300000, 0x000000008e400000|  0%| F|  |TAMS 0x000000008e300000, 0x000000008e300000| Untracked 
| 228|0x000000008e400000, 0x000000008e400000, 0x000000008e500000|  0%| F|  |TAMS 0x000000008e400000, 0x000000008e400000| Untracked 
| 229|0x000000008e500000, 0x000000008e500000, 0x000000008e600000|  0%| F|  |TAMS 0x000000008e500000, 0x000000008e500000| Untracked 
| 230|0x000000008e600000, 0x000000008e600000, 0x000000008e700000|  0%| F|  |TAMS 0x000000008e600000, 0x000000008e600000| Untracked 
| 231|0x000000008e700000, 0x000000008e700000, 0x000000008e800000|  0%| F|  |TAMS 0x000000008e700000, 0x000000008e700000| Untracked 
| 232|0x000000008e800000, 0x000000008e800000, 0x000000008e900000|  0%| F|  |TAMS 0x000000008e800000, 0x000000008e800000| Untracked 
| 233|0x000000008e900000, 0x000000008e900000, 0x000000008ea00000|  0%| F|  |TAMS 0x000000008e900000, 0x000000008e900000| Untracked 
| 234|0x000000008ea00000, 0x000000008ea00000, 0x000000008eb00000|  0%| F|  |TAMS 0x000000008ea00000, 0x000000008ea00000| Untracked 
| 235|0x000000008eb00000, 0x000000008eb00000, 0x000000008ec00000|  0%| F|  |TAMS 0x000000008eb00000, 0x000000008eb00000| Untracked 
| 236|0x000000008ec00000, 0x000000008ec00000, 0x000000008ed00000|  0%| F|  |TAMS 0x000000008ec00000, 0x000000008ec00000| Untracked 
| 237|0x000000008ed00000, 0x000000008ed00000, 0x000000008ee00000|  0%| F|  |TAMS 0x000000008ed00000, 0x000000008ed00000| Untracked 
| 238|0x000000008ee00000, 0x000000008ee00000, 0x000000008ef00000|  0%| F|  |TAMS 0x000000008ee00000, 0x000000008ee00000| Untracked 
| 239|0x000000008ef00000, 0x000000008ef00000, 0x000000008f000000|  0%| F|  |TAMS 0x000000008ef00000, 0x000000008ef00000| Untracked 
| 240|0x000000008f000000, 0x000000008f000000, 0x000000008f100000|  0%| F|  |TAMS 0x000000008f000000, 0x000000008f000000| Untracked 
| 241|0x000000008f100000, 0x000000008f100000, 0x000000008f200000|  0%| F|  |TAMS 0x000000008f100000, 0x000000008f100000| Untracked 
| 242|0x000000008f200000, 0x000000008f200000, 0x000000008f300000|  0%| F|  |TAMS 0x000000008f200000, 0x000000008f200000| Untracked 
| 243|0x000000008f300000, 0x000000008f300000, 0x000000008f400000|  0%| F|  |TAMS 0x000000008f300000, 0x000000008f300000| Untracked 
| 244|0x000000008f400000, 0x000000008f400000, 0x000000008f500000|  0%| F|  |TAMS 0x000000008f400000, 0x000000008f400000| Untracked 
| 245|0x000000008f500000, 0x000000008f500000, 0x000000008f600000|  0%| F|  |TAMS 0x000000008f500000, 0x000000008f500000| Untracked 
| 246|0x000000008f600000, 0x000000008f600000, 0x000000008f700000|  0%| F|  |TAMS 0x000000008f600000, 0x000000008f600000| Untracked 
| 247|0x000000008f700000, 0x000000008f700000, 0x000000008f800000|  0%| F|  |TAMS 0x000000008f700000, 0x000000008f700000| Untracked 
| 248|0x000000008f800000, 0x000000008f800000, 0x000000008f900000|  0%| F|  |TAMS 0x000000008f800000, 0x000000008f800000| Untracked 
| 249|0x000000008f900000, 0x000000008f900000, 0x000000008fa00000|  0%| F|  |TAMS 0x000000008f900000, 0x000000008f900000| Untracked 
| 250|0x000000008fa00000, 0x000000008fa00000, 0x000000008fb00000|  0%| F|  |TAMS 0x000000008fa00000, 0x000000008fa00000| Untracked 
| 251|0x000000008fb00000, 0x000000008fb00000, 0x000000008fc00000|  0%| F|  |TAMS 0x000000008fb00000, 0x000000008fb00000| Untracked 
| 252|0x000000008fc00000, 0x000000008fc00000, 0x000000008fd00000|  0%| F|  |TAMS 0x000000008fc00000, 0x000000008fc00000| Untracked 
| 253|0x000000008fd00000, 0x000000008fd00000, 0x000000008fe00000|  0%| F|  |TAMS 0x000000008fd00000, 0x000000008fd00000| Untracked 
| 254|0x000000008fe00000, 0x000000008fe00000, 0x000000008ff00000|  0%| F|  |TAMS 0x000000008fe00000, 0x000000008fe00000| Untracked 
| 255|0x000000008ff00000, 0x000000008ff00000, 0x0000000090000000|  0%| F|  |TAMS 0x000000008ff00000, 0x000000008ff00000| Untracked 
| 256|0x0000000090000000, 0x0000000090000000, 0x0000000090100000|  0%| F|  |TAMS 0x0000000090000000, 0x0000000090000000| Untracked 
| 257|0x0000000090100000, 0x0000000090100000, 0x0000000090200000|  0%| F|  |TAMS 0x0000000090100000, 0x0000000090100000| Untracked 
| 258|0x0000000090200000, 0x0000000090200000, 0x0000000090300000|  0%| F|  |TAMS 0x0000000090200000, 0x0000000090200000| Untracked 
| 259|0x0000000090300000, 0x0000000090300000, 0x0000000090400000|  0%| F|  |TAMS 0x0000000090300000, 0x0000000090300000| Untracked 
| 260|0x0000000090400000, 0x0000000090400000, 0x0000000090500000|  0%| F|  |TAMS 0x0000000090400000, 0x0000000090400000| Untracked 
| 261|0x0000000090500000, 0x0000000090500000, 0x0000000090600000|  0%| F|  |TAMS 0x0000000090500000, 0x0000000090500000| Untracked 
| 262|0x0000000090600000, 0x0000000090600000, 0x0000000090700000|  0%| F|  |TAMS 0x0000000090600000, 0x0000000090600000| Untracked 
| 263|0x0000000090700000, 0x0000000090700000, 0x0000000090800000|  0%| F|  |TAMS 0x0000000090700000, 0x0000000090700000| Untracked 
| 264|0x0000000090800000, 0x0000000090900000, 0x0000000090900000|100%| S|CS|TAMS 0x0000000090800000, 0x0000000090800000| Complete 
| 265|0x0000000090900000, 0x0000000090a00000, 0x0000000090a00000|100%| S|CS|TAMS 0x0000000090900000, 0x0000000090900000| Complete 
| 266|0x0000000090a00000, 0x0000000090a00000, 0x0000000090b00000|  0%| F|  |TAMS 0x0000000090a00000, 0x0000000090a00000| Untracked 
| 267|0x0000000090b00000, 0x0000000090b00000, 0x0000000090c00000|  0%| F|  |TAMS 0x0000000090b00000, 0x0000000090b00000| Untracked 
| 268|0x0000000090c00000, 0x0000000090c00000, 0x0000000090d00000|  0%| F|  |TAMS 0x0000000090c00000, 0x0000000090c00000| Untracked 
| 269|0x0000000090d00000, 0x0000000090d00000, 0x0000000090e00000|  0%| F|  |TAMS 0x0000000090d00000, 0x0000000090d00000| Untracked 
| 270|0x0000000090e00000, 0x0000000090e00000, 0x0000000090f00000|  0%| F|  |TAMS 0x0000000090e00000, 0x0000000090e00000| Untracked 
| 271|0x0000000090f00000, 0x0000000090f00000, 0x0000000091000000|  0%| F|  |TAMS 0x0000000090f00000, 0x0000000090f00000| Untracked 
| 272|0x0000000091000000, 0x0000000091000000, 0x0000000091100000|  0%| F|  |TAMS 0x0000000091000000, 0x0000000091000000| Untracked 
| 273|0x0000000091100000, 0x0000000091100000, 0x0000000091200000|  0%| F|  |TAMS 0x0000000091100000, 0x0000000091100000| Untracked 
| 274|0x0000000091200000, 0x0000000091200000, 0x0000000091300000|  0%| F|  |TAMS 0x0000000091200000, 0x0000000091200000| Untracked 
| 275|0x0000000091300000, 0x0000000091300000, 0x0000000091400000|  0%| F|  |TAMS 0x0000000091300000, 0x0000000091300000| Untracked 
| 276|0x0000000091400000, 0x0000000091400000, 0x0000000091500000|  0%| F|  |TAMS 0x0000000091400000, 0x0000000091400000| Untracked 
| 277|0x0000000091500000, 0x0000000091500000, 0x0000000091600000|  0%| F|  |TAMS 0x0000000091500000, 0x0000000091500000| Untracked 
| 278|0x0000000091600000, 0x0000000091600000, 0x0000000091700000|  0%| F|  |TAMS 0x0000000091600000, 0x0000000091600000| Untracked 
| 279|0x0000000091700000, 0x0000000091700000, 0x0000000091800000|  0%| F|  |TAMS 0x0000000091700000, 0x0000000091700000| Untracked 

Card table byte_map: [0x00000284eaa90000,0x00000284eae90000] _byte_map_base: 0x00000284ea690000

Marking Bits (Prev, Next): (CMBitMap*) 0x00000284d7bde820, (CMBitMap*) 0x00000284d7bde7e8
 Prev Bits: [0x00000284ed290000, 0x00000284ef290000)
 Next Bits: [0x00000284eb290000, 0x00000284ed290000)

Polling page: 0x00000284d5b90000

Metaspace:

Usage:
  Non-class:     80.93 MB capacity,    79.45 MB ( 98%) used,     1.22 MB (  2%) free+waste,   256.88 KB ( <1%) overhead. 
      Class:     12.31 MB capacity,    11.56 MB ( 94%) used,   657.00 KB (  5%) free+waste,   112.88 KB ( <1%) overhead. 
       Both:     93.24 MB capacity,    91.01 MB ( 98%) used,     1.87 MB (  2%) free+waste,   369.75 KB ( <1%) overhead. 

Virtual space:
  Non-class space:       82.00 MB reserved,      81.00 MB ( 99%) committed 
      Class space:        1.00 GB reserved,      12.38 MB (  1%) committed 
             Both:        1.08 GB reserved,      93.38 MB (  8%) committed 

Chunk freelists:
   Non-Class:  72.00 KB
       Class:  34.00 KB
        Both:  106.00 KB

MaxMetaspaceSize: 17179869184.00 GB
CompressedClassSpaceSize: 1.00 GB

CodeHeap 'non-profiled nmethods': size=120064Kb used=9938Kb max_used=9938Kb free=110125Kb
 bounds [0x00000284e3150000, 0x00000284e3b10000, 0x00000284ea690000]
CodeHeap 'profiled nmethods': size=120000Kb used=29579Kb max_used=29579Kb free=90420Kb
 bounds [0x00000284dbc20000, 0x00000284dd910000, 0x00000284e3150000]
CodeHeap 'non-nmethods': size=5696Kb used=2310Kb max_used=2355Kb free=3385Kb
 bounds [0x00000284db690000, 0x00000284db900000, 0x00000284dbc20000]
 total_blobs=14357 nmethods=13444 adapters=824
 compilation: enabled
              stopped_count=0, restarted_count=0
 full_count=0

Compilation events (20 events):
Event: 5877.084 Thread 0x00000284f17b5800 nmethod 13597 0x00000284dd8fa110 code [0x00000284dd8fa2e0, 0x00000284dd8fa558]
Event: 5877.085 Thread 0x00000284f17b5800 13603       3       com.android.tools.r8.internal.Ec::a (24 bytes)
Event: 5877.085 Thread 0x00000284f17b5800 nmethod 13603 0x00000284dd8fa690 code [0x00000284dd8fa860, 0x00000284dd8faad8]
Event: 5877.085 Thread 0x00000284f17b5800 13604       3       com.android.tools.r8.graph.O::<init> (93 bytes)
Event: 5877.086 Thread 0x00000284f17b5800 nmethod 13604 0x00000284dd8fac10 code [0x00000284dd8fae00, 0x00000284dd8fb328]
Event: 5877.086 Thread 0x00000284f17b5800 13577       3       com.android.tools.r8.internal.U6::b (415 bytes)
Event: 5877.092 Thread 0x00000284f17b5800 nmethod 13577 0x00000284dd8fb510 code [0x00000284dd8fbae0, 0x00000284dd8fee28]
Event: 5877.092 Thread 0x00000284f17b5800 13582       3       com.android.tools.r8.internal.qf$a::<init> (6 bytes)
Event: 5877.092 Thread 0x00000284f17b5800 nmethod 13582 0x00000284dd900410 code [0x00000284dd9005e0, 0x00000284dd900948]
Event: 5877.092 Thread 0x00000284f17b5800 13575       3       com.android.tools.r8.graph.j0$e::<init> (168 bytes)
Event: 5877.093 Thread 0x00000284f17b5800 nmethod 13575 0x00000284dd900a90 code [0x00000284dd900c80, 0x00000284dd9010b8]
Event: 5877.093 Thread 0x00000284f17b5800 13601       3       com.android.tools.r8.internal.q::next (33 bytes)
Event: 5877.093 Thread 0x00000284f17b5800 nmethod 13601 0x00000284dd901210 code [0x00000284dd901400, 0x00000284dd901778]
Event: 5877.093 Thread 0x00000284f17b5800 13605       3       com.android.tools.r8.graph.f0$l::g (26 bytes)
Event: 5877.094 Thread 0x00000284f17b5800 nmethod 13605 0x00000284dd901890 code [0x00000284dd901a80, 0x00000284dd901eb8]
Event: 5877.094 Thread 0x00000284f17b5800 13607       3       com.android.tools.r8.graph.T::a (35 bytes)
Event: 5877.094 Thread 0x00000284f17b5800 nmethod 13607 0x00000284dd902090 code [0x00000284dd902260, 0x00000284dd902518]
Event: 5877.094 Thread 0x00000284f17b5800 13608       3       com.android.tools.r8.graph.f0$w::<init> (6 bytes)
Event: 5877.095 Thread 0x00000284f17b5800 nmethod 13608 0x00000284dd902690 code [0x00000284dd902860, 0x00000284dd902b38]
Event: 5877.095 Thread 0x00000284f17b5800 13610       3       com.android.tools.r8.internal.U6::a (4191 bytes)

GC Heap History (20 events):
Event: 5855.241 GC heap after
{Heap after GC invocations=116 (full 0):
 garbage-first heap   total 143360K, used 71001K [0x0000000080000000, 0x0000000100000000)
  region size 1024K, 1 young (1024K), 1 survivors (1024K)
 Metaspace       used 89042K, capacity 91002K, committed 91904K, reserved 1128448K
  class space    used 11287K, capacity 11997K, committed 12288K, reserved 1048576K
}
Event: 5856.034 GC heap before
{Heap before GC invocations=117 (full 0):
 garbage-first heap   total 143360K, used 95577K [0x0000000080000000, 0x0000000100000000)
  region size 1024K, 25 young (25600K), 1 survivors (1024K)
 Metaspace       used 89134K, capacity 91122K, committed 91904K, reserved 1128448K
  class space    used 11300K, capacity 12016K, committed 12288K, reserved 1048576K
}
Event: 5856.046 GC heap after
{Heap after GC invocations=118 (full 0):
 garbage-first heap   total 143360K, used 72811K [0x0000000080000000, 0x0000000100000000)
  region size 1024K, 3 young (3072K), 3 survivors (3072K)
 Metaspace       used 89134K, capacity 91122K, committed 91904K, reserved 1128448K
  class space    used 11300K, capacity 12016K, committed 12288K, reserved 1048576K
}
Event: 5857.338 GC heap before
{Heap before GC invocations=118 (full 0):
 garbage-first heap   total 143360K, used 75883K [0x0000000080000000, 0x0000000100000000)
  region size 1024K, 7 young (7168K), 3 survivors (3072K)
 Metaspace       used 89246K, capacity 91315K, committed 92160K, reserved 1128448K
  class space    used 11300K, capacity 12016K, committed 12288K, reserved 1048576K
}
Event: 5857.402 GC heap after
{Heap after GC invocations=119 (full 0):
 garbage-first heap   total 143360K, used 73645K [0x0000000080000000, 0x0000000100000000)
  region size 1024K, 1 young (1024K), 1 survivors (1024K)
 Metaspace       used 89246K, capacity 91315K, committed 92160K, reserved 1128448K
  class space    used 11300K, capacity 12016K, committed 12288K, reserved 1048576K
}
Event: 5857.587 GC heap before
{Heap before GC invocations=119 (full 0):
 garbage-first heap   total 143360K, used 79789K [0x0000000080000000, 0x0000000100000000)
  region size 1024K, 7 young (7168K), 1 survivors (1024K)
 Metaspace       used 89274K, capacity 91339K, committed 92160K, reserved 1128448K
  class space    used 11306K, capacity 12024K, committed 12288K, reserved 1048576K
}
Event: 5857.613 GC heap after
{Heap after GC invocations=120 (full 0):
 garbage-first heap   total 143360K, used 74009K [0x0000000080000000, 0x0000000100000000)
  region size 1024K, 1 young (1024K), 1 survivors (1024K)
 Metaspace       used 89274K, capacity 91339K, committed 92160K, reserved 1128448K
  class space    used 11306K, capacity 12024K, committed 12288K, reserved 1048576K
}
Event: 5860.450 GC heap before
{Heap before GC invocations=121 (full 0):
 garbage-first heap   total 143360K, used 80153K [0x0000000080000000, 0x0000000100000000)
  region size 1024K, 7 young (7168K), 1 survivors (1024K)
 Metaspace       used 89430K, capacity 91493K, committed 92160K, reserved 1128448K
  class space    used 11316K, capacity 12041K, committed 12288K, reserved 1048576K
}
Event: 5860.483 GC heap after
{Heap after GC invocations=122 (full 0):
 garbage-first heap   total 143360K, used 74996K [0x0000000080000000, 0x0000000100000000)
  region size 1024K, 1 young (1024K), 1 survivors (1024K)
 Metaspace       used 89430K, capacity 91493K, committed 92160K, reserved 1128448K
  class space    used 11316K, capacity 12041K, committed 12288K, reserved 1048576K
}
Event: 5862.408 GC heap before
{Heap before GC invocations=122 (full 0):
 garbage-first heap   total 143360K, used 80116K [0x0000000080000000, 0x0000000100000000)
  region size 1024K, 7 young (7168K), 1 survivors (1024K)
 Metaspace       used 89490K, capacity 91498K, committed 92160K, reserved 1128448K
  class space    used 11316K, capacity 12041K, committed 12288K, reserved 1048576K
}
Event: 5862.564 GC heap after
{Heap after GC invocations=123 (full 0):
 garbage-first heap   total 286720K, used 75680K [0x0000000080000000, 0x0000000100000000)
  region size 1024K, 1 young (1024K), 1 survivors (1024K)
 Metaspace       used 89490K, capacity 91498K, committed 92160K, reserved 1128448K
  class space    used 11316K, capacity 12041K, committed 12288K, reserved 1048576K
}
Event: 5865.300 GC heap before
{Heap before GC invocations=124 (full 0):
 garbage-first heap   total 286720K, used 88992K [0x0000000080000000, 0x0000000100000000)
  region size 1024K, 14 young (14336K), 1 survivors (1024K)
 Metaspace       used 89732K, capacity 91815K, committed 92416K, reserved 1130496K
  class space    used 11332K, capacity 12061K, committed 12288K, reserved 1048576K
}
Event: 5865.324 GC heap after
{Heap after GC invocations=125 (full 0):
 garbage-first heap   total 286720K, used 76947K [0x0000000080000000, 0x0000000100000000)
  region size 1024K, 2 young (2048K), 2 survivors (2048K)
 Metaspace       used 89732K, capacity 91815K, committed 92416K, reserved 1130496K
  class space    used 11332K, capacity 12061K, committed 12288K, reserved 1048576K
}
Event: 5870.087 GC heap before
{Heap before GC invocations=125 (full 0):
 garbage-first heap   total 286720K, used 88211K [0x0000000080000000, 0x0000000100000000)
  region size 1024K, 14 young (14336K), 2 survivors (2048K)
 Metaspace       used 90383K, capacity 92531K, committed 93056K, reserved 1130496K
  class space    used 11444K, capacity 12193K, committed 12416K, reserved 1048576K
}
Event: 5870.402 GC heap after
{Heap after GC invocations=126 (full 0):
 garbage-first heap   total 286720K, used 78977K [0x0000000080000000, 0x0000000100000000)
  region size 1024K, 2 young (2048K), 2 survivors (2048K)
 Metaspace       used 90383K, capacity 92531K, committed 93056K, reserved 1130496K
  class space    used 11444K, capacity 12193K, committed 12416K, reserved 1048576K
}
Event: 5871.048 GC heap before
{Heap before GC invocations=127 (full 0):
 garbage-first heap   total 286720K, used 112769K [0x0000000080000000, 0x0000000100000000)
  region size 1024K, 36 young (36864K), 2 survivors (2048K)
 Metaspace       used 90466K, capacity 92622K, committed 93056K, reserved 1130496K
  class space    used 11456K, capacity 12201K, committed 12416K, reserved 1048576K
}
Event: 5872.335 GC heap after
{Heap after GC invocations=128 (full 0):
 garbage-first heap   total 286720K, used 88583K [0x0000000080000000, 0x0000000100000000)
  region size 1024K, 5 young (5120K), 5 survivors (5120K)
 Metaspace       used 90466K, capacity 92622K, committed 93056K, reserved 1130496K
  class space    used 11456K, capacity 12201K, committed 12416K, reserved 1048576K
}
Event: 5875.519 GC heap before
{Heap before GC invocations=128 (full 0):
 garbage-first heap   total 286720K, used 96775K [0x0000000080000000, 0x0000000100000000)
  region size 1024K, 14 young (14336K), 5 survivors (5120K)
 Metaspace       used 92039K, capacity 94252K, committed 94720K, reserved 1132544K
  class space    used 11671K, capacity 12426K, committed 12544K, reserved 1048576K
}
Event: 5875.635 GC heap after
{Heap after GC invocations=129 (full 0):
 garbage-first heap   total 286720K, used 86221K [0x0000000080000000, 0x0000000100000000)
  region size 1024K, 1 young (1024K), 1 survivors (1024K)
 Metaspace       used 92039K, capacity 94252K, committed 94720K, reserved 1132544K
  class space    used 11671K, capacity 12426K, committed 12544K, reserved 1048576K
}
Event: 5877.102 GC heap before
{Heap before GC invocations=130 (full 0):
 garbage-first heap   total 286720K, used 99533K [0x0000000080000000, 0x0000000100000000)
  region size 1024K, 14 young (14336K), 1 survivors (1024K)
 Metaspace       used 93197K, capacity 95478K, committed 95616K, reserved 1132544K
  class space    used 11836K, capacity 12606K, committed 12672K, reserved 1048576K
}

Deoptimization events (20 events):
Event: 5869.949 Thread 0x00000284f4c98000 Uncommon trap: trap_request=0xffffff4d fr.pc=0x00000284e37d0ec0 relative=0x00000000000000a0
Event: 5869.949 Thread 0x00000284f4c96800 Uncommon trap: trap_request=0xffffff4d fr.pc=0x00000284e37d0ec0 relative=0x00000000000000a0
Event: 5869.949 Thread 0x00000284f4c99800 Uncommon trap: trap_request=0xffffff4d fr.pc=0x00000284e37d0ec0 relative=0x00000000000000a0
Event: 5869.949 Thread 0x00000284f4c96800 Uncommon trap: reason=unstable_if action=reinterpret pc=0x00000284e37d0ec0 method=java.io.BufferedInputStream.fill()V @ 222 c2
Event: 5869.949 Thread 0x00000284f4c99800 Uncommon trap: reason=unstable_if action=reinterpret pc=0x00000284e37d0ec0 method=java.io.BufferedInputStream.fill()V @ 222 c2
Event: 5869.949 Thread 0x00000284f4c98000 Uncommon trap: reason=unstable_if action=reinterpret pc=0x00000284e37d0ec0 method=java.io.BufferedInputStream.fill()V @ 222 c2
Event: 5869.949 Thread 0x00000284f4c98000 DEOPT PACKING pc=0x00000284e37d0ec0 sp=0x000000e18a6fb0e0
Event: 5869.949 Thread 0x00000284f4c96800 DEOPT PACKING pc=0x00000284e37d0ec0 sp=0x000000e18a7fb0f0
Event: 5869.949 Thread 0x00000284f4c99800 DEOPT PACKING pc=0x00000284e37d0ec0 sp=0x000000e189efaaf0
Event: 5869.949 Thread 0x00000284f4c98000 DEOPT UNPACKING pc=0x00000284db6b662f sp=0x000000e18a6fb060 mode 2
Event: 5869.949 Thread 0x00000284f4c99800 DEOPT UNPACKING pc=0x00000284db6b662f sp=0x000000e189efaa70 mode 2
Event: 5869.949 Thread 0x00000284f4c96800 DEOPT UNPACKING pc=0x00000284db6b662f sp=0x000000e18a7fb070 mode 2
Event: 5870.426 Thread 0x00000284f2217000 Uncommon trap: trap_request=0xffffff4d fr.pc=0x00000284e337e96c relative=0x000000000000078c
Event: 5870.426 Thread 0x00000284f2217000 Uncommon trap: reason=unstable_if action=reinterpret pc=0x00000284e337e96c method=java.util.ArrayDeque.addLast(Ljava/lang/Object;)V @ 42 c2
Event: 5870.427 Thread 0x00000284f2217000 DEOPT PACKING pc=0x00000284e337e96c sp=0x000000e1888fef20
Event: 5870.427 Thread 0x00000284f2217000 DEOPT UNPACKING pc=0x00000284db6b662f sp=0x000000e1888feda8 mode 2
Event: 5873.088 Thread 0x00000284f4c98000 Uncommon trap: trap_request=0xffffff4d fr.pc=0x00000284e37c1488 relative=0x0000000000001788
Event: 5873.088 Thread 0x00000284f4c98000 Uncommon trap: reason=unstable_if action=reinterpret pc=0x00000284e37c1488 method=java.util.concurrent.ConcurrentHashMap.putVal(Ljava/lang/Object;Ljava/lang/Object;Z)Ljava/lang/Object; @ 162 c2
Event: 5873.088 Thread 0x00000284f4c98000 DEOPT PACKING pc=0x00000284e37c1488 sp=0x000000e18a6f6600
Event: 5873.088 Thread 0x00000284f4c98000 DEOPT UNPACKING pc=0x00000284db6b662f sp=0x000000e18a6f65a8 mode 2

Classes redefined (0 events):
No events

Internal exceptions (20 events):
Event: 5858.100 Thread 0x00000284f4c95800 Exception <a 'java/lang/NoSuchMethodError'{0x00000000888537b0}: <clinit>> (0x00000000888537b0) thrown at [./src/hotspot/share/prims/jni.cpp, line 1362]
Event: 5863.314 Thread 0x00000284f5770000 Exception <a 'java/lang/NoSuchMethodError'{0x0000000090f9cd90}: <clinit>> (0x0000000090f9cd90) thrown at [./src/hotspot/share/prims/jni.cpp, line 1362]
Event: 5863.315 Thread 0x00000284f5770000 Exception <a 'java/lang/NoSuchMethodError'{0x0000000090f9e0b0}: <clinit>> (0x0000000090f9e0b0) thrown at [./src/hotspot/share/prims/jni.cpp, line 1362]
Event: 5863.315 Thread 0x00000284f5770000 Exception <a 'java/lang/NoSuchMethodError'{0x0000000090fa0800}: <clinit>> (0x0000000090fa0800) thrown at [./src/hotspot/share/prims/jni.cpp, line 1362]
Event: 5863.317 Thread 0x00000284f5770000 Exception <a 'java/lang/NoSuchMethodError'{0x0000000090fb93d8}: <clinit>> (0x0000000090fb93d8) thrown at [./src/hotspot/share/prims/jni.cpp, line 1362]
Event: 5863.317 Thread 0x00000284f5770000 Exception <a 'java/lang/NoSuchMethodError'{0x0000000090fba8b8}: <clinit>> (0x0000000090fba8b8) thrown at [./src/hotspot/share/prims/jni.cpp, line 1362]
Event: 5863.341 Thread 0x00000284f5770000 Implicit null exception at 0x00000284e3451f3f to 0x00000284e3454870
Event: 5863.687 Thread 0x00000284f5770000 Implicit null exception at 0x00000284e35ec134 to 0x00000284e35f059c
Event: 5864.512 Thread 0x00000284f5770000 Exception <a 'java/lang/NoSuchMethodError'{0x0000000090e97300}: <clinit>> (0x0000000090e97300) thrown at [./src/hotspot/share/prims/jni.cpp, line 1362]
Event: 5864.520 Thread 0x00000284f5770000 Exception <a 'java/lang/NoSuchMethodError'{0x0000000090eccf48}: <clinit>> (0x0000000090eccf48) thrown at [./src/hotspot/share/prims/jni.cpp, line 1362]
Event: 5864.530 Thread 0x00000284f5770000 Exception <a 'java/lang/NoSuchMethodError'{0x0000000090d004c8}: <clinit>> (0x0000000090d004c8) thrown at [./src/hotspot/share/prims/jni.cpp, line 1362]
Event: 5864.533 Thread 0x00000284f5770000 Exception <a 'java/lang/NoSuchMethodError'{0x0000000090d13298}: <clinit>> (0x0000000090d13298) thrown at [./src/hotspot/share/prims/jni.cpp, line 1362]
Event: 5871.023 Thread 0x00000284f4c98000 Exception <a 'sun/nio/fs/WindowsException'{0x000000008f752e20}> (0x000000008f752e20) thrown at [./src/hotspot/share/prims/jni.cpp, line 615]
Event: 5871.033 Thread 0x00000284f4c99800 Exception <a 'sun/nio/fs/WindowsException'{0x000000008f641eb8}> (0x000000008f641eb8) thrown at [./src/hotspot/share/prims/jni.cpp, line 615]
Event: 5872.354 Thread 0x00000284f4c96800 Exception <a 'sun/nio/fs/WindowsException'{0x0000000091699fb8}> (0x0000000091699fb8) thrown at [./src/hotspot/share/prims/jni.cpp, line 615]
Event: 5875.661 Thread 0x00000284f4c98000 Exception <a 'java/lang/NoSuchMethodError'{0x00000000917181d0}: 'java.lang.Object java.lang.invoke.DirectMethodHandle$Holder.invokeStatic(java.lang.Object, java.lang.Object, java.lang.Object, java.lang.Object, java.lang.Object, java.lang.Object, java.lang.Object, java.lang.Object, java.lang.Object, java.lang.Object, java.lang.Object, java.lang.Object, java.lang.Object, java.lang.Object, java.lang.Object, java.lang.Object, java.lang.Object, java.lang.Object, int, java.lang.Object)'> (0x00000000917181d0) thr
Event: 5875.661 Thread 0x00000284f4c98000 Exception <a 'java/lang/NoSuchMethodError'{0x000000009171e258}: 'java.lang.Object java.lang.invoke.DirectMethodHandle$Holder.invokeStaticInit(java.lang.Object, java.lang.Object, java.lang.Object, java.lang.Object, java.lang.Object, java.lang.Object, java.lang.Object, java.lang.Object, java.lang.Object, java.lang.Object, java.lang.Object, java.lang.Object, java.lang.Object, java.lang.Object, java.lang.Object, java.lang.Object, java.lang.Object, java.lang.Object, int, java.lang.Object)'> (0x000000009171e258)
Event: 5876.234 Thread 0x00000284f4c98000 Exception <a 'java/lang/IncompatibleClassChangeError'{0x000000009167f890}: Found class java.lang.Object, but interface was expected> (0x000000009167f890) thrown at [./src/hotspot/share/interpreter/linkResolver.cpp, line 839]
Event: 5876.234 Thread 0x00000284f4c96800 Exception <a 'java/lang/IncompatibleClassChangeError'{0x00000000917890d0}: Found class java.lang.Object, but interface was expected> (0x00000000917890d0) thrown at [./src/hotspot/share/interpreter/linkResolver.cpp, line 839]
Event: 5876.234 Thread 0x00000284f4c99800 Exception <a 'java/lang/IncompatibleClassChangeError'{0x00000000916f7f78}: Found class java.lang.Object, but interface was expected> (0x00000000916f7f78) thrown at [./src/hotspot/share/interpreter/linkResolver.cpp, line 839]

Events (20 events):
Event: 5876.969 loading class com/android/tools/r8/internal/ou done
Event: 5876.970 loading class com/android/tools/r8/internal/qr
Event: 5876.970 loading class com/android/tools/r8/internal/qr done
Event: 5876.970 loading class com/android/tools/r8/internal/qr
Event: 5876.970 loading class com/android/tools/r8/internal/qr done
Event: 5876.970 loading class com/android/tools/r8/internal/qr
Event: 5876.970 loading class com/android/tools/r8/internal/qr done
Event: 5876.971 loading class com/android/tools/r8/internal/mu$d
Event: 5876.971 loading class com/android/tools/r8/internal/mu$d done
Event: 5876.972 loading class com/android/tools/r8/internal/nu
Event: 5876.972 loading class com/android/tools/r8/internal/nu done
Event: 5876.974 Thread 0x00000284f5a6c000 Thread exited: 0x00000284f5a6c000
Event: 5876.997 loading class com/android/tools/r8/internal/Zc
Event: 5876.997 loading class com/android/tools/r8/internal/Zc done
Event: 5876.998 loading class com/android/tools/r8/internal/CC
Event: 5876.998 loading class com/android/tools/r8/internal/CC done
Event: 5877.005 loading class com/android/tools/r8/internal/cq
Event: 5877.005 loading class com/android/tools/r8/internal/cq done
Event: 5877.016 Thread 0x00000284f5a6c000 Thread added: 0x00000284f5a6c000
Event: 5877.101 Executing VM operation: G1CollectForAllocation


Dynamic libraries:
0x00007ff7812e0000 - 0x00007ff7812ea000 	C:\Program Files\Android\Android Studio\jre\bin\java.exe
0x00007ffa3af20000 - 0x00007ffa3b127000 	C:\WINDOWS\SYSTEM32\ntdll.dll
0x00007ffa3a360000 - 0x00007ffa3a41d000 	C:\WINDOWS\System32\KERNEL32.DLL
0x00007ffa387f0000 - 0x00007ffa38b62000 	C:\WINDOWS\System32\KERNELBASE.dll
0x00007ffa35680000 - 0x00007ffa35712000 	C:\WINDOWS\SYSTEM32\apphelp.dll
0x00007ffa38cd0000 - 0x00007ffa38de1000 	C:\WINDOWS\System32\ucrtbase.dll
0x00007ffa1d4b0000 - 0x00007ffa1d4c9000 	C:\Program Files\Android\Android Studio\jre\bin\jli.dll
0x00007ffa39350000 - 0x00007ffa394fc000 	C:\WINDOWS\System32\USER32.dll
0x00007ffa387c0000 - 0x00007ffa387e6000 	C:\WINDOWS\System32\win32u.dll
0x00007ffa21c40000 - 0x00007ffa21ee5000 	C:\WINDOWS\WinSxS\amd64_microsoft.windows.common-controls_6595b64144ccf1df_6.0.21996.1_none_7d6b053978bcd706\COMCTL32.dll
0x00007ffa3a110000 - 0x00007ffa3a139000 	C:\WINDOWS\System32\GDI32.dll
0x00007ffa3a210000 - 0x00007ffa3a2b3000 	C:\WINDOWS\System32\msvcrt.dll
0x00007ffa38630000 - 0x00007ffa38742000 	C:\WINDOWS\System32\gdi32full.dll
0x00007ffa38c30000 - 0x00007ffa38ccd000 	C:\WINDOWS\System32\msvcp_win.dll
0x00007ffa1d5c0000 - 0x00007ffa1d5d7000 	C:\Program Files\Android\Android Studio\jre\bin\VCRUNTIME140.dll
0x00007ffa3a320000 - 0x00007ffa3a351000 	C:\WINDOWS\System32\IMM32.DLL
0x00007ffa0b500000 - 0x00007ffa0b59d000 	C:\Program Files\Android\Android Studio\jre\bin\msvcp140.dll
0x00007ffa02320000 - 0x00007ffa02df5000 	C:\Program Files\Android\Android Studio\jre\bin\server\jvm.dll
0x00007ffa396e0000 - 0x00007ffa3978c000 	C:\WINDOWS\System32\ADVAPI32.dll
0x00007ffa3ac10000 - 0x00007ffa3acad000 	C:\WINDOWS\System32\sechost.dll
0x00007ffa38e80000 - 0x00007ffa38fa1000 	C:\WINDOWS\System32\RPCRT4.dll
0x00007ffa39340000 - 0x00007ffa39348000 	C:\WINDOWS\System32\PSAPI.DLL
0x00007ffa2ffb0000 - 0x00007ffa2ffe3000 	C:\WINDOWS\SYSTEM32\WINMM.dll
0x00007ffa2b700000 - 0x00007ffa2b70a000 	C:\WINDOWS\SYSTEM32\VERSION.dll
0x00007ffa32620000 - 0x00007ffa32629000 	C:\WINDOWS\SYSTEM32\WSOCK32.dll
0x00007ffa3a140000 - 0x00007ffa3a1af000 	C:\WINDOWS\System32\WS2_32.dll
0x00007ffa37570000 - 0x00007ffa37587000 	C:\WINDOWS\SYSTEM32\kernel.appcore.dll
0x00007ffa27a70000 - 0x00007ffa27a81000 	C:\Program Files\Android\Android Studio\jre\bin\verify.dll
0x00007ffa35fa0000 - 0x00007ffa361c1000 	C:\WINDOWS\SYSTEM32\DBGHELP.DLL
0x00007ffa22870000 - 0x00007ffa228a1000 	C:\WINDOWS\SYSTEM32\dbgcore.DLL
0x00007ffa38440000 - 0x00007ffa384c0000 	C:\WINDOWS\System32\bcryptPrimitives.dll
0x00007ffa18df0000 - 0x00007ffa18e19000 	C:\Program Files\Android\Android Studio\jre\bin\java.dll
0x00007ffa30750000 - 0x00007ffa3075b000 	C:\Program Files\Android\Android Studio\jre\bin\jimage.dll
0x00007ffa1fb30000 - 0x00007ffa1fb48000 	C:\Program Files\Android\Android Studio\jre\bin\zip.dll
0x00007ffa399a0000 - 0x00007ffa3a109000 	C:\WINDOWS\System32\SHELL32.dll
0x00007ffa365c0000 - 0x00007ffa36e18000 	C:\WINDOWS\SYSTEM32\windows.storage.dll
0x00007ffa38fb0000 - 0x00007ffa39325000 	C:\WINDOWS\System32\combase.dll
0x00007ffa36450000 - 0x00007ffa365b6000 	C:\WINDOWS\SYSTEM32\wintypes.dll
0x00007ffa395f0000 - 0x00007ffa396da000 	C:\WINDOWS\System32\SHCORE.dll
0x00007ffa3ae70000 - 0x00007ffa3aecd000 	C:\WINDOWS\System32\shlwapi.dll
0x00007ffa38370000 - 0x00007ffa38391000 	C:\WINDOWS\SYSTEM32\profapi.dll
0x00007ffa18950000 - 0x00007ffa1896a000 	C:\Program Files\Android\Android Studio\jre\bin\net.dll
0x00007ffa2be10000 - 0x00007ffa2bf1c000 	C:\WINDOWS\SYSTEM32\WINHTTP.dll
0x00007ffa37980000 - 0x00007ffa379e7000 	C:\WINDOWS\system32\mswsock.dll
0x00007ffa184c0000 - 0x00007ffa184d4000 	C:\Program Files\Android\Android Studio\jre\bin\nio.dll
0x00007ffa1d5e0000 - 0x00007ffa1d607000 	C:\Users\pares\.gradle\native\8bec1ad78214c89d9ad589b4d07fe93259594b29d510b10fafb7a158f7737e5d\windows-amd64\native-platform.dll
0x00007ffa0c300000 - 0x00007ffa0c43d000 	C:\Users\pares\.gradle\native\53dbd7edfb1c66fb8903c78663c9afc45aea4f116125fa6feffd364cf09443e8\windows-amd64\native-platform-file-events.dll
0x00007ffa307a0000 - 0x00007ffa307aa000 	C:\Program Files\Android\Android Studio\jre\bin\management.dll
0x00007ffa30790000 - 0x00007ffa3079d000 	C:\Program Files\Android\Android Studio\jre\bin\management_ext.dll
0x00007ffa37cb0000 - 0x00007ffa37cc8000 	C:\WINDOWS\SYSTEM32\CRYPTSP.dll
0x00007ffa374d0000 - 0x00007ffa37505000 	C:\WINDOWS\system32\rsaenh.dll
0x00007ffa37b60000 - 0x00007ffa37b89000 	C:\WINDOWS\SYSTEM32\USERENV.dll
0x00007ffa37e80000 - 0x00007ffa37ea7000 	C:\WINDOWS\SYSTEM32\bcrypt.dll
0x00007ffa37cd0000 - 0x00007ffa37cdc000 	C:\WINDOWS\SYSTEM32\CRYPTBASE.dll
0x00007ffa37060000 - 0x00007ffa3708d000 	C:\WINDOWS\SYSTEM32\IPHLPAPI.DLL
0x00007ffa3a4d0000 - 0x00007ffa3a4d9000 	C:\WINDOWS\System32\NSI.dll
0x00007ffa2bcb0000 - 0x00007ffa2bcc9000 	C:\WINDOWS\SYSTEM32\dhcpcsvc6.DLL
0x00007ffa2c020000 - 0x00007ffa2c03e000 	C:\WINDOWS\SYSTEM32\dhcpcsvc.DLL
0x00007ffa37090000 - 0x00007ffa37175000 	C:\WINDOWS\SYSTEM32\DNSAPI.dll

dbghelp: loaded successfully - version: 4.0.5 - missing functions: none
symbol engine: initialized successfully - sym options: 0x614 - pdb path: .;C:\Program Files\Android\Android Studio\jre\bin;C:\WINDOWS\SYSTEM32;C:\WINDOWS\WinSxS\amd64_microsoft.windows.common-controls_6595b64144ccf1df_6.0.21996.1_none_7d6b053978bcd706;C:\Program Files\Android\Android Studio\jre\bin\server;C:\Users\pares\.gradle\native\8bec1ad78214c89d9ad589b4d07fe93259594b29d510b10fafb7a158f7737e5d\windows-amd64;C:\Users\pares\.gradle\native\53dbd7edfb1c66fb8903c78663c9afc45aea4f116125fa6feffd364cf09443e8\windows-amd64

VM Arguments:
jvm_args: --add-opens=java.base/java.util=ALL-UNNAMED --add-opens=java.base/java.lang=ALL-UNNAMED --add-opens=java.base/java.lang.invoke=ALL-UNNAMED --add-opens=java.base/java.util=ALL-UNNAMED --add-opens=java.prefs/java.util.prefs=ALL-UNNAMED --add-opens=java.prefs/java.util.prefs=ALL-UNNAMED --add-opens=java.base/java.nio.charset=ALL-UNNAMED --add-opens=java.base/java.net=ALL-UNNAMED --add-opens=java.base/java.util.concurrent.atomic=ALL-UNNAMED -Xmx2048m -Dfile.encoding=UTF-8 -Duser.country=US -Duser.language=en -Duser.variant 
java_command: org.gradle.launcher.daemon.bootstrap.GradleDaemon 7.0.2
java_class_path (initial): C:\Users\pares\.gradle\wrapper\dists\gradle-7.0.2-bin\857tjihv64xamwrf0h14cai3r\gradle-7.0.2\lib\gradle-launcher-7.0.2.jar
Launcher Type: SUN_STANDARD

[Global flags]
     intx CICompilerCount                          = 3                                         {product} {ergonomic}
     uint ConcGCThreads                            = 1                                         {product} {ergonomic}
     uint G1ConcRefinementThreads                  = 4                                         {product} {ergonomic}
   size_t G1HeapRegionSize                         = 1048576                                   {product} {ergonomic}
    uintx GCDrainStackTargetSize                   = 64                                        {product} {ergonomic}
   size_t InitialHeapSize                          = 67108864                                  {product} {ergonomic}
   size_t MarkStackSize                            = 4194304                                   {product} {ergonomic}
   size_t MaxHeapSize                              = 2147483648                                {product} {command line}
   size_t MaxNewSize                               = 1287651328                                {product} {ergonomic}
   size_t MinHeapDeltaBytes                        = 1048576                                   {product} {ergonomic}
    uintx NonNMethodCodeHeapSize                   = 5830732                                {pd product} {ergonomic}
    uintx NonProfiledCodeHeapSize                  = 122913754                              {pd product} {ergonomic}
    uintx ProfiledCodeHeapSize                     = 122913754                              {pd product} {ergonomic}
    uintx ReservedCodeCacheSize                    = 251658240                              {pd product} {ergonomic}
     bool SegmentedCodeCache                       = true                                      {product} {ergonomic}
     bool UseCompressedClassPointers               = true                                 {lp64_product} {ergonomic}
     bool UseCompressedOops                        = true                                 {lp64_product} {ergonomic}
     bool UseG1GC                                  = true                                      {product} {ergonomic}
     bool UseLargePagesIndividualAllocation        = false                                  {pd product} {ergonomic}

Logging:
Log output configuration:
 #0: stdout all=warning uptime,level,tags
 #1: stderr all=off uptime,level,tags

Environment Variables:
JAVA_HOME=C:\Program Files\Java\jdk-12.0.2
CLASSPATH=C:\Program Files\Java\jdk-12.0.2\bin
PATH=C:\Program Files\Java\jdk-17.0.1\bin;C:\Program Files\Java\jdk-17.0.1\bin
USERNAME=pares
OS=Windows_NT
PROCESSOR_IDENTIFIER=Intel64 Family 6 Model 78 Stepping 3, GenuineIntel



---------------  S Y S T E M  ---------------

OS: Windows 10 , 64 bit Build 21996 (10.0.21996.1)
OS uptime: 18 days 20:53 hours

CPU:total 4 (initial active 4) (2 cores per cpu, 2 threads per core) family 6 model 78 stepping 3 microcode 0xd6, cmov, cx8, fxsr, mmx, sse, sse2, sse3, ssse3, sse4.1, sse4.2, popcnt, avx, avx2, aes, clmul, erms, 3dnowpref, lzcnt, ht, tsc, tscinvbit, bmi1, bmi2, adx, fma

Memory: 4k page, system-wide physical 3981M (1818M free)
TotalPageFile size 16269M (AvailPageFile size 39M)
current process WorkingSet (physical memory assigned to process): 262M, peak: 357M
current process commit charge ("private bytes"): 606M, peak: 934M

vm_info: OpenJDK 64-Bit Server VM (11.0.11+9-b60-7590822) for windows-amd64 JRE (11.0.11+9-b60-7590822), built on Jul 29 2021 21:43:44 by "builder" with MS VC++ 14.0 (VS2015)

END.
